#
# There is insufficient memory for the Java Runtime Environment to continue.
# Native memory allocation (malloc) failed to allocate 873680 bytes for Chunk::new
# Possible reasons:
#   The system is out of physical RAM or swap space
#   The process is running with CompressedOops enabled, and the Java Heap may be blocking the growth of the native heap
# Possible solutions:
#   Reduce memory load on the system
#   Increase physical memory or swap space
#   Check if swap backing store is full
#   Decrease Java heap size (-Xmx/-Xms)
#   Decrease number of Java threads
#   Decrease Java thread stack sizes (-Xss)
#   Set larger code cache with -XX:ReservedCodeCacheSize=
#   JVM is running with Unscaled Compressed Oops mode in which the Java heap is
#     placed in the first 4GB address space. The Java Heap base address is the
#     maximum limit for the native heap growth. Please use -XX:HeapBaseMinAddress
#     to set the Java Heap base and to place the Java Heap above 4GB virtual address.
# This output file may be truncated or incomplete.
#
#  Out of Memory Error (arena.cpp:189), pid=3004, tid=9860
#
# JRE version: Java(TM) SE Runtime Environment (17.0.2+8) (build 17.0.2+8-LTS-86)
# Java VM: Java HotSpot(TM) 64-Bit Server VM (17.0.2+8-LTS-86, mixed mode, sharing, tiered, compressed oops, compressed class ptrs, g1 gc, windows-amd64)
# No core dump will be written. Minidumps are not enabled by default on client versions of Windows
#

---------------  S U M M A R Y ------------

Command Line: -Dmaven.multiModuleProjectDirectory=D:\PRUEBATECNICA\JAVA Y REACT\com.pruebaTecnica -Djansi.passthrough=true -Dmaven.home=C:\Users\Miguel\.m2\wrapper\dists\apache-maven-3.9.7-bin\3k9n615lchs6mp84v355m633uo\apache-maven-3.9.7 -Dclassworlds.conf=C:\Users\Miguel\.m2\wrapper\dists\apache-maven-3.9.7-bin\3k9n615lchs6mp84v355m633uo\apache-maven-3.9.7\bin\m2.conf -Dmaven.ext.class.path=C:\Program Files\JetBrains\IntelliJ IDEA Community Edition 2023.3.3\plugins\maven\lib\maven-event-listener.jar -javaagent:C:\Program Files\JetBrains\IntelliJ IDEA Community Edition 2023.3.3\lib\idea_rt.jar=58885:C:\Program Files\JetBrains\IntelliJ IDEA Community Edition 2023.3.3\bin -Dfile.encoding=UTF-8 org.codehaus.classworlds.Launcher -Didea.version=2023.3.3 org.springframework.boot:spring-boot-maven-plugin:3.3.1:run

Host: AMD FX(tm)-6300 Six-Core Processor             , 6 cores, 7G,  Windows 10 , 64 bit Build 19041 (10.0.19041.3031)
Time: Tue Jun 25 22:23:12 2024 Hora est. Pacífico, Sudamérica elapsed time: 2.934123 seconds (0d 0h 0m 2s)

---------------  T H R E A D  ---------------

Current thread (0x000001ed47a56b60):  JavaThread "C2 CompilerThread0" daemon [_thread_in_native, id=9860, stack(0x000000b527800000,0x000000b527900000)]


Current CompileTask:
C2:   2934 2569   !   4       java.net.URL::<init> (543 bytes)

Stack: [0x000000b527800000,0x000000b527900000]
Native frames: (J=compiled Java code, j=interpreted, Vv=VM code, C=native code)
V  [jvm.dll+0x670baa]
V  [jvm.dll+0x7cfcb4]
V  [jvm.dll+0x7d145e]
V  [jvm.dll+0x7d1ac3]
V  [jvm.dll+0x242bc5]
V  [jvm.dll+0xaa57b]
V  [jvm.dll+0xaab0c]
V  [jvm.dll+0x35fd07]
V  [jvm.dll+0x32a331]
V  [jvm.dll+0x3297da]
V  [jvm.dll+0x215c91]
V  [jvm.dll+0x2150b1]
V  [jvm.dll+0x1a1bbd]
V  [jvm.dll+0x224908]
V  [jvm.dll+0x222a6c]
V  [jvm.dll+0x7859bb]
V  [jvm.dll+0x77ff7a]
V  [jvm.dll+0x66fa35]
C  [ucrtbase.dll+0x21bb2]
C  [KERNEL32.DLL+0x17614]
C  [ntdll.dll+0x526f1]


---------------  P R O C E S S  ---------------

Threads class SMR info:
_java_thread_list=0x000001ed49d6fca0, length=14, elements={
0x000001ed29d45390, 0x000001ed47a373c0, 0x000001ed47a37f70, 0x000001ed47a4bb30,
0x000001ed47a4c5f0, 0x000001ed47a4efb0, 0x000001ed47a52980, 0x000001ed47a56b60,
0x000001ed47a5fb70, 0x000001ed47a6b140, 0x000001ed48bfdd60, 0x000001ed48d42650,
0x000001ed48cbb7c0, 0x000001ed49e0bce0
}

Java Threads: ( => current thread )
  0x000001ed29d45390 JavaThread "main" [_thread_in_Java, id=15160, stack(0x000000b526c00000,0x000000b526d00000)]
  0x000001ed47a373c0 JavaThread "Reference Handler" daemon [_thread_blocked, id=5936, stack(0x000000b527200000,0x000000b527300000)]
  0x000001ed47a37f70 JavaThread "Finalizer" daemon [_thread_blocked, id=12384, stack(0x000000b527300000,0x000000b527400000)]
  0x000001ed47a4bb30 JavaThread "Signal Dispatcher" daemon [_thread_blocked, id=13060, stack(0x000000b527400000,0x000000b527500000)]
  0x000001ed47a4c5f0 JavaThread "Attach Listener" daemon [_thread_blocked, id=6968, stack(0x000000b527500000,0x000000b527600000)]
  0x000001ed47a4efb0 JavaThread "Service Thread" daemon [_thread_blocked, id=18056, stack(0x000000b527600000,0x000000b527700000)]
  0x000001ed47a52980 JavaThread "Monitor Deflation Thread" daemon [_thread_blocked, id=15364, stack(0x000000b527700000,0x000000b527800000)]
=>0x000001ed47a56b60 JavaThread "C2 CompilerThread0" daemon [_thread_in_native, id=9860, stack(0x000000b527800000,0x000000b527900000)]
  0x000001ed47a5fb70 JavaThread "C1 CompilerThread0" daemon [_thread_in_native, id=9740, stack(0x000000b527900000,0x000000b527a00000)]
  0x000001ed47a6b140 JavaThread "Sweeper thread" daemon [_thread_blocked, id=16756, stack(0x000000b527a00000,0x000000b527b00000)]
  0x000001ed48bfdd60 JavaThread "Common-Cleaner" daemon [_thread_blocked, id=9324, stack(0x000000b527b00000,0x000000b527c00000)]
  0x000001ed48d42650 JavaThread "Monitor Ctrl-Break" daemon [_thread_in_native, id=14772, stack(0x000000b527c00000,0x000000b527d00000)]
  0x000001ed48cbb7c0 JavaThread "Notification Thread" daemon [_thread_blocked, id=17272, stack(0x000000b527d00000,0x000000b527e00000)]
  0x000001ed49e0bce0 JavaThread "Thread-1" daemon [_thread_blocked, id=18560, stack(0x000000b527f00000,0x000000b528000000)]

Other Threads:
  0x000001ed47a31520 VMThread "VM Thread" [stack: 0x000000b527100000,0x000000b527200000] [id=10488]
  0x000001ed2789d970 WatcherThread [stack: 0x000000b527e00000,0x000000b527f00000] [id=2676]
  0x000001ed29d9e7e0 GCTaskThread "GC Thread#0" [stack: 0x000000b526b00000,0x000000b526c00000] [id=16052]
  0x000001ed48dbf090 GCTaskThread "GC Thread#1" [stack: 0x000000b528000000,0x000000b528100000] [id=19048]
  0x000001ed497f6c40 GCTaskThread "GC Thread#2" [stack: 0x000000b528100000,0x000000b528200000] [id=14572]
  0x000001ed49743ce0 GCTaskThread "GC Thread#3" [stack: 0x000000b528200000,0x000000b528300000] [id=11948]
  0x000001ed496fed70 GCTaskThread "GC Thread#4" [stack: 0x000000b528300000,0x000000b528400000] [id=13188]
  0x000001ed496ff230 GCTaskThread "GC Thread#5" [stack: 0x000000b528400000,0x000000b528500000] [id=7052]
  0x000001ed29daf640 ConcurrentGCThread "G1 Main Marker" [stack: 0x000000b526d00000,0x000000b526e00000] [id=13220]
  0x000001ed29db16a0 ConcurrentGCThread "G1 Conc#0" [stack: 0x000000b526e00000,0x000000b526f00000] [id=17496]
  0x000001ed29dfdc80 ConcurrentGCThread "G1 Refine#0" [stack: 0x000000b526f00000,0x000000b527000000] [id=14264]
  0x000001ed29dfe540 ConcurrentGCThread "G1 Service" [stack: 0x000000b527000000,0x000000b527100000] [id=528]

Threads with active compile tasks:
C2 CompilerThread0     2982 2569   !   4       java.net.URL::<init> (543 bytes)

VM state: not at safepoint (normal execution)

VM Mutex/Monitor currently owned by a thread:  ([mutex/lock_event])
[0x000001ed29d40d30] CodeCache_lock - owner thread: 0x0000000000000000
[0x000001ed29d41e10] SystemDictionary_lock - owner thread: 0x0000000000000000

Heap address: 0x0000000080a00000, size: 2038 MB, Compressed Oops mode: 32-bit

CDS archive(s) mapped at: [0x0000000800000000-0x0000000800bc0000-0x0000000800bc0000), size 12320768, SharedBaseAddress: 0x0000000800000000, ArchiveRelocationMode: 0.
Compressed class space mapped at: 0x0000000800c00000-0x0000000840c00000, reserved size: 1073741824
Narrow klass base: 0x0000000800000000, Narrow klass shift: 0, Narrow klass range: 0x100000000

GC Precious Log:
 CPUs: 6 total, 6 available
 Memory: 8149M
 Large Page Support: Disabled
 NUMA Support: Disabled
 Compressed Oops: Enabled (32-bit)
 Heap Region Size: 1M
 Heap Min Capacity: 8M
 Heap Initial Capacity: 128M
 Heap Max Capacity: 2038M
 Pre-touch: Disabled
 Parallel Workers: 6
 Concurrent Workers: 2
 Concurrent Refinement Workers: 6
 Periodic GC: Disabled

Heap:
 garbage-first heap   total 131072K, used 40946K [0x0000000080a00000, 0x0000000100000000)
  region size 1024K, 38 young (38912K), 2 survivors (2048K)
 Metaspace       used 14731K, committed 14976K, reserved 1064960K
  class space    used 1784K, committed 1920K, reserved 1048576K

Heap Regions: E=young(eden), S=young(survivor), O=old, HS=humongous(starts), HC=humongous(continues), CS=collection set, F=free, OA=open archive, CA=closed archive, TAMS=top-at-mark-start (previous, next)
|   0|0x0000000080a00000, 0x0000000080b00000, 0x0000000080b00000|100%| O|  |TAMS 0x0000000080a00000, 0x0000000080a00000| Untracked 
|   1|0x0000000080b00000, 0x0000000080c00000, 0x0000000080c00000|100%| O|  |TAMS 0x0000000080b00000, 0x0000000080b00000| Untracked 
|   2|0x0000000080c00000, 0x0000000080d00000, 0x0000000080d00000|100%| O|  |TAMS 0x0000000080c00000, 0x0000000080c00000| Untracked 
|   3|0x0000000080d00000, 0x0000000080dad000, 0x0000000080e00000| 67%| O|  |TAMS 0x0000000080d00000, 0x0000000080d00000| Untracked 
|   4|0x0000000080e00000, 0x0000000080e00000, 0x0000000080f00000|  0%| F|  |TAMS 0x0000000080e00000, 0x0000000080e00000| Untracked 
|   5|0x0000000080f00000, 0x0000000080f00000, 0x0000000081000000|  0%| F|  |TAMS 0x0000000080f00000, 0x0000000080f00000| Untracked 
|   6|0x0000000081000000, 0x0000000081000000, 0x0000000081100000|  0%| F|  |TAMS 0x0000000081000000, 0x0000000081000000| Untracked 
|   7|0x0000000081100000, 0x0000000081100000, 0x0000000081200000|  0%| F|  |TAMS 0x0000000081100000, 0x0000000081100000| Untracked 
|   8|0x0000000081200000, 0x0000000081200000, 0x0000000081300000|  0%| F|  |TAMS 0x0000000081200000, 0x0000000081200000| Untracked 
|   9|0x0000000081300000, 0x0000000081300000, 0x0000000081400000|  0%| F|  |TAMS 0x0000000081300000, 0x0000000081300000| Untracked 
|  10|0x0000000081400000, 0x0000000081400000, 0x0000000081500000|  0%| F|  |TAMS 0x0000000081400000, 0x0000000081400000| Untracked 
|  11|0x0000000081500000, 0x0000000081500000, 0x0000000081600000|  0%| F|  |TAMS 0x0000000081500000, 0x0000000081500000| Untracked 
|  12|0x0000000081600000, 0x0000000081600000, 0x0000000081700000|  0%| F|  |TAMS 0x0000000081600000, 0x0000000081600000| Untracked 
|  13|0x0000000081700000, 0x0000000081700000, 0x0000000081800000|  0%| F|  |TAMS 0x0000000081700000, 0x0000000081700000| Untracked 
|  14|0x0000000081800000, 0x0000000081800000, 0x0000000081900000|  0%| F|  |TAMS 0x0000000081800000, 0x0000000081800000| Untracked 
|  15|0x0000000081900000, 0x0000000081900000, 0x0000000081a00000|  0%| F|  |TAMS 0x0000000081900000, 0x0000000081900000| Untracked 
|  16|0x0000000081a00000, 0x0000000081a00000, 0x0000000081b00000|  0%| F|  |TAMS 0x0000000081a00000, 0x0000000081a00000| Untracked 
|  17|0x0000000081b00000, 0x0000000081b00000, 0x0000000081c00000|  0%| F|  |TAMS 0x0000000081b00000, 0x0000000081b00000| Untracked 
|  18|0x0000000081c00000, 0x0000000081c00000, 0x0000000081d00000|  0%| F|  |TAMS 0x0000000081c00000, 0x0000000081c00000| Untracked 
|  19|0x0000000081d00000, 0x0000000081d00000, 0x0000000081e00000|  0%| F|  |TAMS 0x0000000081d00000, 0x0000000081d00000| Untracked 
|  20|0x0000000081e00000, 0x0000000081e00000, 0x0000000081f00000|  0%| F|  |TAMS 0x0000000081e00000, 0x0000000081e00000| Untracked 
|  21|0x0000000081f00000, 0x0000000081f00000, 0x0000000082000000|  0%| F|  |TAMS 0x0000000081f00000, 0x0000000081f00000| Untracked 
|  22|0x0000000082000000, 0x0000000082000000, 0x0000000082100000|  0%| F|  |TAMS 0x0000000082000000, 0x0000000082000000| Untracked 
|  23|0x0000000082100000, 0x0000000082100000, 0x0000000082200000|  0%| F|  |TAMS 0x0000000082100000, 0x0000000082100000| Untracked 
|  24|0x0000000082200000, 0x0000000082200000, 0x0000000082300000|  0%| F|  |TAMS 0x0000000082200000, 0x0000000082200000| Untracked 
|  25|0x0000000082300000, 0x0000000082300000, 0x0000000082400000|  0%| F|  |TAMS 0x0000000082300000, 0x0000000082300000| Untracked 
|  26|0x0000000082400000, 0x0000000082400000, 0x0000000082500000|  0%| F|  |TAMS 0x0000000082400000, 0x0000000082400000| Untracked 
|  27|0x0000000082500000, 0x0000000082500000, 0x0000000082600000|  0%| F|  |TAMS 0x0000000082500000, 0x0000000082500000| Untracked 
|  28|0x0000000082600000, 0x0000000082600000, 0x0000000082700000|  0%| F|  |TAMS 0x0000000082600000, 0x0000000082600000| Untracked 
|  29|0x0000000082700000, 0x0000000082700000, 0x0000000082800000|  0%| F|  |TAMS 0x0000000082700000, 0x0000000082700000| Untracked 
|  30|0x0000000082800000, 0x0000000082800000, 0x0000000082900000|  0%| F|  |TAMS 0x0000000082800000, 0x0000000082800000| Untracked 
|  31|0x0000000082900000, 0x0000000082900000, 0x0000000082a00000|  0%| F|  |TAMS 0x0000000082900000, 0x0000000082900000| Untracked 
|  32|0x0000000082a00000, 0x0000000082a00000, 0x0000000082b00000|  0%| F|  |TAMS 0x0000000082a00000, 0x0000000082a00000| Untracked 
|  33|0x0000000082b00000, 0x0000000082b00000, 0x0000000082c00000|  0%| F|  |TAMS 0x0000000082b00000, 0x0000000082b00000| Untracked 
|  34|0x0000000082c00000, 0x0000000082c00000, 0x0000000082d00000|  0%| F|  |TAMS 0x0000000082c00000, 0x0000000082c00000| Untracked 
|  35|0x0000000082d00000, 0x0000000082d00000, 0x0000000082e00000|  0%| F|  |TAMS 0x0000000082d00000, 0x0000000082d00000| Untracked 
|  36|0x0000000082e00000, 0x0000000082e00000, 0x0000000082f00000|  0%| F|  |TAMS 0x0000000082e00000, 0x0000000082e00000| Untracked 
|  37|0x0000000082f00000, 0x0000000082f00000, 0x0000000083000000|  0%| F|  |TAMS 0x0000000082f00000, 0x0000000082f00000| Untracked 
|  38|0x0000000083000000, 0x0000000083000000, 0x0000000083100000|  0%| F|  |TAMS 0x0000000083000000, 0x0000000083000000| Untracked 
|  39|0x0000000083100000, 0x0000000083100000, 0x0000000083200000|  0%| F|  |TAMS 0x0000000083100000, 0x0000000083100000| Untracked 
|  40|0x0000000083200000, 0x0000000083200000, 0x0000000083300000|  0%| F|  |TAMS 0x0000000083200000, 0x0000000083200000| Untracked 
|  41|0x0000000083300000, 0x0000000083300000, 0x0000000083400000|  0%| F|  |TAMS 0x0000000083300000, 0x0000000083300000| Untracked 
|  42|0x0000000083400000, 0x0000000083400000, 0x0000000083500000|  0%| F|  |TAMS 0x0000000083400000, 0x0000000083400000| Untracked 
|  43|0x0000000083500000, 0x0000000083500000, 0x0000000083600000|  0%| F|  |TAMS 0x0000000083500000, 0x0000000083500000| Untracked 
|  44|0x0000000083600000, 0x0000000083600000, 0x0000000083700000|  0%| F|  |TAMS 0x0000000083600000, 0x0000000083600000| Untracked 
|  45|0x0000000083700000, 0x0000000083700000, 0x0000000083800000|  0%| F|  |TAMS 0x0000000083700000, 0x0000000083700000| Untracked 
|  46|0x0000000083800000, 0x0000000083800000, 0x0000000083900000|  0%| F|  |TAMS 0x0000000083800000, 0x0000000083800000| Untracked 
|  47|0x0000000083900000, 0x0000000083900000, 0x0000000083a00000|  0%| F|  |TAMS 0x0000000083900000, 0x0000000083900000| Untracked 
|  48|0x0000000083a00000, 0x0000000083a00000, 0x0000000083b00000|  0%| F|  |TAMS 0x0000000083a00000, 0x0000000083a00000| Untracked 
|  49|0x0000000083b00000, 0x0000000083b00000, 0x0000000083c00000|  0%| F|  |TAMS 0x0000000083b00000, 0x0000000083b00000| Untracked 
|  50|0x0000000083c00000, 0x0000000083c00000, 0x0000000083d00000|  0%| F|  |TAMS 0x0000000083c00000, 0x0000000083c00000| Untracked 
|  51|0x0000000083d00000, 0x0000000083d00000, 0x0000000083e00000|  0%| F|  |TAMS 0x0000000083d00000, 0x0000000083d00000| Untracked 
|  52|0x0000000083e00000, 0x0000000083e00000, 0x0000000083f00000|  0%| F|  |TAMS 0x0000000083e00000, 0x0000000083e00000| Untracked 
|  53|0x0000000083f00000, 0x0000000083f00000, 0x0000000084000000|  0%| F|  |TAMS 0x0000000083f00000, 0x0000000083f00000| Untracked 
|  54|0x0000000084000000, 0x0000000084000000, 0x0000000084100000|  0%| F|  |TAMS 0x0000000084000000, 0x0000000084000000| Untracked 
|  55|0x0000000084100000, 0x0000000084100000, 0x0000000084200000|  0%| F|  |TAMS 0x0000000084100000, 0x0000000084100000| Untracked 
|  56|0x0000000084200000, 0x0000000084200000, 0x0000000084300000|  0%| F|  |TAMS 0x0000000084200000, 0x0000000084200000| Untracked 
|  57|0x0000000084300000, 0x0000000084300000, 0x0000000084400000|  0%| F|  |TAMS 0x0000000084300000, 0x0000000084300000| Untracked 
|  58|0x0000000084400000, 0x0000000084400000, 0x0000000084500000|  0%| F|  |TAMS 0x0000000084400000, 0x0000000084400000| Untracked 
|  59|0x0000000084500000, 0x0000000084500000, 0x0000000084600000|  0%| F|  |TAMS 0x0000000084500000, 0x0000000084500000| Untracked 
|  60|0x0000000084600000, 0x0000000084600000, 0x0000000084700000|  0%| F|  |TAMS 0x0000000084600000, 0x0000000084600000| Untracked 
|  61|0x0000000084700000, 0x0000000084700000, 0x0000000084800000|  0%| F|  |TAMS 0x0000000084700000, 0x0000000084700000| Untracked 
|  62|0x0000000084800000, 0x0000000084800000, 0x0000000084900000|  0%| F|  |TAMS 0x0000000084800000, 0x0000000084800000| Untracked 
|  63|0x0000000084900000, 0x0000000084900000, 0x0000000084a00000|  0%| F|  |TAMS 0x0000000084900000, 0x0000000084900000| Untracked 
|  64|0x0000000084a00000, 0x0000000084a00000, 0x0000000084b00000|  0%| F|  |TAMS 0x0000000084a00000, 0x0000000084a00000| Untracked 
|  65|0x0000000084b00000, 0x0000000084b00000, 0x0000000084c00000|  0%| F|  |TAMS 0x0000000084b00000, 0x0000000084b00000| Untracked 
|  66|0x0000000084c00000, 0x0000000084c00000, 0x0000000084d00000|  0%| F|  |TAMS 0x0000000084c00000, 0x0000000084c00000| Untracked 
|  67|0x0000000084d00000, 0x0000000084d00000, 0x0000000084e00000|  0%| F|  |TAMS 0x0000000084d00000, 0x0000000084d00000| Untracked 
|  68|0x0000000084e00000, 0x0000000084e00000, 0x0000000084f00000|  0%| F|  |TAMS 0x0000000084e00000, 0x0000000084e00000| Untracked 
|  69|0x0000000084f00000, 0x0000000084f00000, 0x0000000085000000|  0%| F|  |TAMS 0x0000000084f00000, 0x0000000084f00000| Untracked 
|  70|0x0000000085000000, 0x0000000085000000, 0x0000000085100000|  0%| F|  |TAMS 0x0000000085000000, 0x0000000085000000| Untracked 
|  71|0x0000000085100000, 0x0000000085100000, 0x0000000085200000|  0%| F|  |TAMS 0x0000000085100000, 0x0000000085100000| Untracked 
|  72|0x0000000085200000, 0x0000000085200000, 0x0000000085300000|  0%| F|  |TAMS 0x0000000085200000, 0x0000000085200000| Untracked 
|  73|0x0000000085300000, 0x0000000085300000, 0x0000000085400000|  0%| F|  |TAMS 0x0000000085300000, 0x0000000085300000| Untracked 
|  74|0x0000000085400000, 0x0000000085400000, 0x0000000085500000|  0%| F|  |TAMS 0x0000000085400000, 0x0000000085400000| Untracked 
|  75|0x0000000085500000, 0x0000000085500000, 0x0000000085600000|  0%| F|  |TAMS 0x0000000085500000, 0x0000000085500000| Untracked 
|  76|0x0000000085600000, 0x0000000085600000, 0x0000000085700000|  0%| F|  |TAMS 0x0000000085600000, 0x0000000085600000| Untracked 
|  77|0x0000000085700000, 0x0000000085700000, 0x0000000085800000|  0%| F|  |TAMS 0x0000000085700000, 0x0000000085700000| Untracked 
|  78|0x0000000085800000, 0x0000000085800000, 0x0000000085900000|  0%| F|  |TAMS 0x0000000085800000, 0x0000000085800000| Untracked 
|  79|0x0000000085900000, 0x0000000085900000, 0x0000000085a00000|  0%| F|  |TAMS 0x0000000085900000, 0x0000000085900000| Untracked 
|  80|0x0000000085a00000, 0x0000000085a00000, 0x0000000085b00000|  0%| F|  |TAMS 0x0000000085a00000, 0x0000000085a00000| Untracked 
|  81|0x0000000085b00000, 0x0000000085b00000, 0x0000000085c00000|  0%| F|  |TAMS 0x0000000085b00000, 0x0000000085b00000| Untracked 
|  82|0x0000000085c00000, 0x0000000085c00000, 0x0000000085d00000|  0%| F|  |TAMS 0x0000000085c00000, 0x0000000085c00000| Untracked 
|  83|0x0000000085d00000, 0x0000000085d00000, 0x0000000085e00000|  0%| F|  |TAMS 0x0000000085d00000, 0x0000000085d00000| Untracked 
|  84|0x0000000085e00000, 0x0000000085e00000, 0x0000000085f00000|  0%| F|  |TAMS 0x0000000085e00000, 0x0000000085e00000| Untracked 
|  85|0x0000000085f00000, 0x0000000085f00000, 0x0000000086000000|  0%| F|  |TAMS 0x0000000085f00000, 0x0000000085f00000| Untracked 
|  86|0x0000000086000000, 0x0000000086000000, 0x0000000086100000|  0%| F|  |TAMS 0x0000000086000000, 0x0000000086000000| Untracked 
|  87|0x0000000086100000, 0x0000000086100000, 0x0000000086200000|  0%| F|  |TAMS 0x0000000086100000, 0x0000000086100000| Untracked 
|  88|0x0000000086200000, 0x0000000086200000, 0x0000000086300000|  0%| F|  |TAMS 0x0000000086200000, 0x0000000086200000| Untracked 
|  89|0x0000000086300000, 0x0000000086380800, 0x0000000086400000| 50%| E|  |TAMS 0x0000000086300000, 0x0000000086300000| Complete 
|  90|0x0000000086400000, 0x0000000086500000, 0x0000000086500000|100%| E|CS|TAMS 0x0000000086400000, 0x0000000086400000| Complete 
|  91|0x0000000086500000, 0x0000000086600000, 0x0000000086600000|100%| E|CS|TAMS 0x0000000086500000, 0x0000000086500000| Complete 
|  92|0x0000000086600000, 0x0000000086700000, 0x0000000086700000|100%| E|CS|TAMS 0x0000000086600000, 0x0000000086600000| Complete 
|  93|0x0000000086700000, 0x0000000086800000, 0x0000000086800000|100%| E|CS|TAMS 0x0000000086700000, 0x0000000086700000| Complete 
|  94|0x0000000086800000, 0x0000000086900000, 0x0000000086900000|100%| E|CS|TAMS 0x0000000086800000, 0x0000000086800000| Complete 
|  95|0x0000000086900000, 0x0000000086a00000, 0x0000000086a00000|100%| E|CS|TAMS 0x0000000086900000, 0x0000000086900000| Complete 
|  96|0x0000000086a00000, 0x0000000086b00000, 0x0000000086b00000|100%| E|CS|TAMS 0x0000000086a00000, 0x0000000086a00000| Complete 
|  97|0x0000000086b00000, 0x0000000086b4fa00, 0x0000000086c00000| 31%| S|CS|TAMS 0x0000000086b00000, 0x0000000086b00000| Complete 
|  98|0x0000000086c00000, 0x0000000086d00000, 0x0000000086d00000|100%| S|CS|TAMS 0x0000000086c00000, 0x0000000086c00000| Complete 
|  99|0x0000000086d00000, 0x0000000086e00000, 0x0000000086e00000|100%| E|CS|TAMS 0x0000000086d00000, 0x0000000086d00000| Complete 
| 100|0x0000000086e00000, 0x0000000086f00000, 0x0000000086f00000|100%| E|CS|TAMS 0x0000000086e00000, 0x0000000086e00000| Complete 
| 101|0x0000000086f00000, 0x0000000087000000, 0x0000000087000000|100%| E|CS|TAMS 0x0000000086f00000, 0x0000000086f00000| Complete 
| 102|0x0000000087000000, 0x0000000087100000, 0x0000000087100000|100%| E|CS|TAMS 0x0000000087000000, 0x0000000087000000| Complete 
| 103|0x0000000087100000, 0x0000000087200000, 0x0000000087200000|100%| E|CS|TAMS 0x0000000087100000, 0x0000000087100000| Complete 
| 104|0x0000000087200000, 0x0000000087300000, 0x0000000087300000|100%| E|CS|TAMS 0x0000000087200000, 0x0000000087200000| Complete 
| 105|0x0000000087300000, 0x0000000087400000, 0x0000000087400000|100%| E|CS|TAMS 0x0000000087300000, 0x0000000087300000| Complete 
| 106|0x0000000087400000, 0x0000000087500000, 0x0000000087500000|100%| E|CS|TAMS 0x0000000087400000, 0x0000000087400000| Complete 
| 107|0x0000000087500000, 0x0000000087600000, 0x0000000087600000|100%| E|CS|TAMS 0x0000000087500000, 0x0000000087500000| Complete 
| 108|0x0000000087600000, 0x0000000087700000, 0x0000000087700000|100%| E|CS|TAMS 0x0000000087600000, 0x0000000087600000| Complete 
| 109|0x0000000087700000, 0x0000000087800000, 0x0000000087800000|100%| E|CS|TAMS 0x0000000087700000, 0x0000000087700000| Complete 
| 110|0x0000000087800000, 0x0000000087900000, 0x0000000087900000|100%| E|CS|TAMS 0x0000000087800000, 0x0000000087800000| Complete 
| 111|0x0000000087900000, 0x0000000087a00000, 0x0000000087a00000|100%| E|CS|TAMS 0x0000000087900000, 0x0000000087900000| Complete 
| 112|0x0000000087a00000, 0x0000000087b00000, 0x0000000087b00000|100%| E|CS|TAMS 0x0000000087a00000, 0x0000000087a00000| Complete 
| 113|0x0000000087b00000, 0x0000000087c00000, 0x0000000087c00000|100%| E|CS|TAMS 0x0000000087b00000, 0x0000000087b00000| Complete 
| 114|0x0000000087c00000, 0x0000000087d00000, 0x0000000087d00000|100%| E|CS|TAMS 0x0000000087c00000, 0x0000000087c00000| Complete 
| 115|0x0000000087d00000, 0x0000000087e00000, 0x0000000087e00000|100%| E|CS|TAMS 0x0000000087d00000, 0x0000000087d00000| Complete 
| 116|0x0000000087e00000, 0x0000000087f00000, 0x0000000087f00000|100%| E|CS|TAMS 0x0000000087e00000, 0x0000000087e00000| Complete 
| 117|0x0000000087f00000, 0x0000000088000000, 0x0000000088000000|100%| E|CS|TAMS 0x0000000087f00000, 0x0000000087f00000| Complete 
| 118|0x0000000088000000, 0x0000000088100000, 0x0000000088100000|100%| E|CS|TAMS 0x0000000088000000, 0x0000000088000000| Complete 
| 119|0x0000000088100000, 0x0000000088200000, 0x0000000088200000|100%| E|CS|TAMS 0x0000000088100000, 0x0000000088100000| Complete 
| 120|0x0000000088200000, 0x0000000088300000, 0x0000000088300000|100%| E|CS|TAMS 0x0000000088200000, 0x0000000088200000| Complete 
| 121|0x0000000088300000, 0x0000000088400000, 0x0000000088400000|100%| E|CS|TAMS 0x0000000088300000, 0x0000000088300000| Complete 
| 122|0x0000000088400000, 0x0000000088500000, 0x0000000088500000|100%| E|CS|TAMS 0x0000000088400000, 0x0000000088400000| Complete 
| 123|0x0000000088500000, 0x0000000088600000, 0x0000000088600000|100%| E|CS|TAMS 0x0000000088500000, 0x0000000088500000| Complete 
| 124|0x0000000088600000, 0x0000000088700000, 0x0000000088700000|100%| E|CS|TAMS 0x0000000088600000, 0x0000000088600000| Complete 
| 125|0x0000000088700000, 0x0000000088800000, 0x0000000088800000|100%| E|CS|TAMS 0x0000000088700000, 0x0000000088700000| Complete 
| 126|0x0000000088800000, 0x0000000088900000, 0x0000000088900000|100%| E|CS|TAMS 0x0000000088800000, 0x0000000088800000| Complete 
| 127|0x0000000088900000, 0x0000000088a00000, 0x0000000088a00000|100%| E|CS|TAMS 0x0000000088900000, 0x0000000088900000| Complete 

Card table byte_map: [0x000001ed40a90000,0x000001ed40e90000] _byte_map_base: 0x000001ed4068b000

Marking Bits (Prev, Next): (CMBitMap*) 0x000001ed29d9ec90, (CMBitMap*) 0x000001ed29d9ecd0
 Prev Bits: [0x000001ed41290000, 0x000001ed43268000)
 Next Bits: [0x000001ed43270000, 0x000001ed45248000)

Polling page: 0x000001ed27b20000

Metaspace:

Usage:
  Non-class:     12.66 MB used.
      Class:      1.75 MB used.
       Both:     14.41 MB used.

Virtual space:
  Non-class space:       16.00 MB reserved,      12.75 MB ( 80%) committed,  2 nodes.
      Class space:        1.00 GB reserved,       1.88 MB ( <1%) committed,  1 nodes.
             Both:        1.02 GB reserved,      14.62 MB (  1%) committed. 

Chunk freelists:
   Non-Class:  2.79 MB
       Class:  1.98 MB
        Both:  4.77 MB

MaxMetaspaceSize: unlimited
CompressedClassSpaceSize: 1.00 GB
Initial GC threshold: 21.00 MB
Current GC threshold: 21.00 MB
CDS: on
MetaspaceReclaimPolicy: balanced
 - commit_granule_bytes: 65536.
 - commit_granule_words: 8192.
 - virtual_space_node_default_size: 1048576.
 - enlarge_chunks_in_place: 1.
 - new_chunks_are_fully_committed: 0.
 - uncommit_free_chunks: 1.
 - use_allocation_guard: 0.
 - handle_deallocations: 1.


Internal statistics:

num_allocs_failed_limit: 0.
num_arena_births: 78.
num_arena_deaths: 0.
num_vsnodes_births: 3.
num_vsnodes_deaths: 0.
num_space_committed: 234.
num_space_uncommitted: 0.
num_chunks_returned_to_freelist: 0.
num_chunks_taken_from_freelist: 590.
num_chunk_merges: 0.
num_chunk_splits: 401.
num_chunks_enlarged: 316.
num_purges: 0.
num_inconsistent_stats: 0.

CodeHeap 'non-profiled nmethods': size=120000Kb used=1043Kb max_used=1043Kb free=118956Kb
 bounds [0x000001ed39050000, 0x000001ed392c0000, 0x000001ed40580000]
CodeHeap 'profiled nmethods': size=120000Kb used=5273Kb max_used=5273Kb free=114726Kb
 bounds [0x000001ed31b20000, 0x000001ed32050000, 0x000001ed39050000]
CodeHeap 'non-nmethods': size=5760Kb used=1175Kb max_used=1203Kb free=4584Kb
 bounds [0x000001ed31580000, 0x000001ed317f0000, 0x000001ed31b20000]
 total_blobs=3104 nmethods=2637 adapters=380
 compilation: enabled
              stopped_count=0, restarted_count=0
 full_count=0

Compilation events (20 events):
Event: 2.907 Thread 0x000001ed47a5fb70 2584       3       java.lang.invoke.DirectMethodHandle::preparedLambdaForm (31 bytes)
Event: 2.907 Thread 0x000001ed47a5fb70 nmethod 2584 0x000001ed32020b10 code [0x000001ed32020d00, 0x000001ed320211a8]
Event: 2.907 Thread 0x000001ed47a5fb70 2582       3       java.lang.invoke.MethodHandleNatives::isCallerSensitive (29 bytes)
Event: 2.908 Thread 0x000001ed47a5fb70 nmethod 2582 0x000001ed32021390 code [0x000001ed32021580, 0x000001ed32021b08]
Event: 2.908 Thread 0x000001ed47a5fb70 2583       3       java.lang.invoke.MethodHandleNatives::canBeCalledVirtual (50 bytes)
Event: 2.908 Thread 0x000001ed47a5fb70 nmethod 2583 0x000001ed32021d10 code [0x000001ed32021f00, 0x000001ed320223c8]
Event: 2.910 Thread 0x000001ed47a5fb70 2585       3       sun.net.util.IPAddressUtil::checkHostString (53 bytes)
Event: 2.911 Thread 0x000001ed47a5fb70 nmethod 2585 0x000001ed32022590 code [0x000001ed32022840, 0x000001ed32023428]
Event: 2.913 Thread 0x000001ed47a5fb70 2586       3       java.util.regex.Pattern$Node::<init> (12 bytes)
Event: 2.913 Thread 0x000001ed47a5fb70 nmethod 2586 0x000001ed32023890 code [0x000001ed32023a40, 0x000001ed32023c18]
Event: 2.913 Thread 0x000001ed47a5fb70 2587       3       java.lang.StringBuilder::append (8 bytes)
Event: 2.913 Thread 0x000001ed47a5fb70 nmethod 2587 0x000001ed32023d10 code [0x000001ed32023ea0, 0x000001ed32023fe8]
Event: 2.919 Thread 0x000001ed47a5fb70 2588       3       java.lang.invoke.DirectMethodHandle::maybeCompile (24 bytes)
Event: 2.919 Thread 0x000001ed47a5fb70 nmethod 2588 0x000001ed32024090 code [0x000001ed32024240, 0x000001ed32024458]
Event: 2.923 Thread 0x000001ed47a5fb70 2589       3       com.google.common.collect.MapMakerInternalMap$Segment::postReadCleanup (18 bytes)
Event: 2.924 Thread 0x000001ed47a5fb70 nmethod 2589 0x000001ed32024590 code [0x000001ed32024740, 0x000001ed32024a58]
Event: 2.925 Thread 0x000001ed47a5fb70 2590       3       org.slf4j.impl.SimpleLoggerConfiguration::getStringProperty (16 bytes)
Event: 2.925 Thread 0x000001ed47a5fb70 nmethod 2590 0x000001ed32024b90 code [0x000001ed32024da0, 0x000001ed32025458]
Event: 2.927 Thread 0x000001ed47a5fb70 2591       3       java.lang.Module::implIsExportedOrOpen (92 bytes)
Event: 2.928 Thread 0x000001ed47a5fb70 nmethod 2591 0x000001ed32025710 code [0x000001ed32025940, 0x000001ed32026058]

GC Heap History (4 events):
Event: 1.035 GC heap before
{Heap before GC invocations=0 (full 0):
 garbage-first heap   total 131072K, used 21504K [0x0000000080a00000, 0x0000000100000000)
  region size 1024K, 21 young (21504K), 0 survivors (0K)
 Metaspace       used 5768K, committed 5952K, reserved 1056768K
  class space    used 670K, committed 768K, reserved 1048576K
}
Event: 1.042 GC heap after
{Heap after GC invocations=1 (full 0):
 garbage-first heap   total 131072K, used 3793K [0x0000000080a00000, 0x0000000100000000)
  region size 1024K, 3 young (3072K), 3 survivors (3072K)
 Metaspace       used 5768K, committed 5952K, reserved 1056768K
  class space    used 670K, committed 768K, reserved 1048576K
}
Event: 1.681 GC heap before
{Heap before GC invocations=1 (full 0):
 garbage-first heap   total 131072K, used 30417K [0x0000000080a00000, 0x0000000100000000)
  region size 1024K, 29 young (29696K), 3 survivors (3072K)
 Metaspace       used 8251K, committed 8512K, reserved 1064960K
  class space    used 954K, committed 1088K, reserved 1048576K
}
Event: 1.689 GC heap after
{Heap after GC invocations=2 (full 0):
 garbage-first heap   total 131072K, used 5106K [0x0000000080a00000, 0x0000000100000000)
  region size 1024K, 2 young (2048K), 2 survivors (2048K)
 Metaspace       used 8251K, committed 8512K, reserved 1064960K
  class space    used 954K, committed 1088K, reserved 1048576K
}

Deoptimization events (20 events):
Event: 2.781 Thread 0x000001ed29d45390 DEOPT PACKING pc=0x000001ed390a8064 sp=0x000000b526cfdf10
Event: 2.781 Thread 0x000001ed29d45390 DEOPT UNPACKING pc=0x000001ed315d23a3 sp=0x000000b526cfdeb0 mode 2
Event: 2.849 Thread 0x000001ed29d45390 DEOPT PACKING pc=0x000001ed39125bd4 sp=0x000000b526cfde40
Event: 2.849 Thread 0x000001ed29d45390 DEOPT UNPACKING pc=0x000001ed315d2b43 sp=0x000000b526cfd250 mode 0
Event: 2.849 Thread 0x000001ed29d45390 Uncommon trap: trap_request=0xffffff45 fr.pc=0x000001ed3910c0e8 relative=0x00000000000009a8
Event: 2.849 Thread 0x000001ed29d45390 Uncommon trap: reason=unstable_if action=reinterpret pc=0x000001ed3910c0e8 method=sun.net.util.IPAddressUtil.scan(Ljava/lang/String;JJ[C)I @ 14 c2
Event: 2.849 Thread 0x000001ed29d45390 DEOPT PACKING pc=0x000001ed3910c0e8 sp=0x000000b526cfda60
Event: 2.849 Thread 0x000001ed29d45390 DEOPT UNPACKING pc=0x000001ed315d23a3 sp=0x000000b526cfd8d0 mode 2
Event: 2.853 Thread 0x000001ed29d45390 Uncommon trap: trap_request=0xffffff45 fr.pc=0x000001ed3910af44 relative=0x0000000000000044
Event: 2.853 Thread 0x000001ed29d45390 Uncommon trap: reason=unstable_if action=reinterpret pc=0x000001ed3910af44 method=sun.net.util.IPAddressUtil.scan(Ljava/lang/String;JJ[C)I @ 14 c2
Event: 2.853 Thread 0x000001ed29d45390 DEOPT PACKING pc=0x000001ed3910af44 sp=0x000000b526cfd9d0
Event: 2.853 Thread 0x000001ed29d45390 DEOPT UNPACKING pc=0x000001ed315d23a3 sp=0x000000b526cfd8b8 mode 2
Event: 2.900 Thread 0x000001ed29d45390 Uncommon trap: trap_request=0xffffff45 fr.pc=0x000001ed3907fe7c relative=0x00000000000005bc
Event: 2.900 Thread 0x000001ed29d45390 Uncommon trap: reason=unstable_if action=reinterpret pc=0x000001ed3907fe7c method=java.lang.AbstractStringBuilder.append(Ljava/lang/String;)Ljava/lang/AbstractStringBuilder; @ 1 c2
Event: 2.900 Thread 0x000001ed29d45390 DEOPT PACKING pc=0x000001ed3907fe7c sp=0x000000b526cfd9a0
Event: 2.900 Thread 0x000001ed29d45390 DEOPT UNPACKING pc=0x000001ed315d23a3 sp=0x000000b526cfd920 mode 2
Event: 2.900 Thread 0x000001ed29d45390 Uncommon trap: trap_request=0xffffff45 fr.pc=0x000001ed39082bb4 relative=0x00000000000005f4
Event: 2.900 Thread 0x000001ed29d45390 Uncommon trap: reason=unstable_if action=reinterpret pc=0x000001ed39082bb4 method=java.lang.AbstractStringBuilder.append(Ljava/lang/String;)Ljava/lang/AbstractStringBuilder; @ 1 c2
Event: 2.900 Thread 0x000001ed29d45390 DEOPT PACKING pc=0x000001ed39082bb4 sp=0x000000b526cfd950
Event: 2.900 Thread 0x000001ed29d45390 DEOPT UNPACKING pc=0x000001ed315d23a3 sp=0x000000b526cfd928 mode 2

Classes unloaded (0 events):
No events

Classes redefined (0 events):
No events

Internal exceptions (20 events):
Event: 0.516 Thread 0x000001ed29d45390 Exception <a 'java/lang/NoSuchMethodError'{0x00000000883f0188}: 'void java.lang.invoke.DirectMethodHandle$Holder.invokeStatic(java.lang.Object, java.lang.Object, java.lang.Object)'> (0x00000000883f0188) 
thrown [t:\workspace\open\src\hotspot\share\interpreter\linkResolver.cpp, line 766]
Event: 0.528 Thread 0x000001ed29d45390 Exception <a 'java/lang/NoSuchMethodError'{0x000000008824ded8}: 'int java.lang.invoke.DirectMethodHandle$Holder.invokeStatic(java.lang.Object, java.lang.Object, int)'> (0x000000008824ded8) 
thrown [t:\workspace\open\src\hotspot\share\interpreter\linkResolver.cpp, line 766]
Event: 0.596 Thread 0x000001ed29d45390 Exception <a 'java/lang/NoSuchMethodError'{0x00000000881dcbf8}: 'java.lang.Object java.lang.invoke.DirectMethodHandle$Holder.invokeSpecialIFC(java.lang.Object, java.lang.Object, java.lang.Object, java.lang.Object)'> (0x00000000881dcbf8) 
thrown [t:\workspace\open\src\hotspot\share\interpreter\linkResolver.cpp, line 766]
Event: 0.829 Thread 0x000001ed29d45390 Exception <a 'java/lang/NoSuchMethodError'{0x0000000087bf7e60}: 'void java.lang.invoke.DirectMethodHandle$Holder.invokeSpecial(java.lang.Object, java.lang.Object, java.lang.Object)'> (0x0000000087bf7e60) 
thrown [t:\workspace\open\src\hotspot\share\interpreter\linkResolver.cpp, line 766]
Event: 0.869 Thread 0x000001ed29d45390 Exception <a 'java/lang/NoSuchMethodError'{0x0000000087967b30}: 'java.lang.Object java.lang.invoke.DirectMethodHandle$Holder.invokeInterface(java.lang.Object, java.lang.Object)'> (0x0000000087967b30) 
thrown [t:\workspace\open\src\hotspot\share\interpreter\linkResolver.cpp, line 766]
Event: 0.888 Thread 0x000001ed29d45390 Exception <a 'java/lang/NoSuchMethodError'{0x000000008781abe0}: 'java.lang.Object java.lang.invoke.Invokers$Holder.invokeExact_MT(java.lang.Object, java.lang.Object, java.lang.Object, java.lang.Object, java.lang.Object, java.lang.Object)'> (0x000000008781abe0) 
thrown [t:\workspace\open\src\hotspot\share\interpreter\linkResolver.cpp, line 766]
Event: 0.891 Thread 0x000001ed29d45390 Exception <a 'java/lang/NoSuchMethodError'{0x000000008782c040}: 'int java.lang.invoke.DirectMethodHandle$Holder.invokeSpecialIFC(java.lang.Object, java.lang.Object, java.lang.Object, java.lang.Object, java.lang.Object)'> (0x000000008782c040) 
thrown [t:\workspace\open\src\hotspot\share\interpreter\linkResolver.cpp, line 766]
Event: 0.959 Thread 0x000001ed29d45390 Exception <a 'java/lang/NoSuchMethodError'{0x00000000877ea440}: 'java.lang.Object java.lang.invoke.DirectMethodHandle$Holder.newInvokeSpecial(java.lang.Object, java.lang.Object, java.lang.Object, java.lang.Object, java.lang.Object)'> (0x00000000877ea440) 
thrown [t:\workspace\open\src\hotspot\share\interpreter\linkResolver.cpp, line 766]
Event: 0.999 Thread 0x000001ed29d45390 Exception <a 'java/lang/NoSuchMethodError'{0x00000000876fbfc8}: 'int java.lang.invoke.DirectMethodHandle$Holder.invokeStaticInit(java.lang.Object, java.lang.Object)'> (0x00000000876fbfc8) 
thrown [t:\workspace\open\src\hotspot\share\interpreter\linkResolver.cpp, line 766]
Event: 1.010 Thread 0x000001ed29d45390 Exception <a 'java/lang/NoClassDefFoundError'{0x0000000087537c60}: javax/enterprise/inject/Typed> (0x0000000087537c60) 
thrown [t:\workspace\open\src\hotspot\share\classfile\systemDictionary.cpp, line 245]
Event: 2.047 Thread 0x000001ed29d45390 Exception <a 'java/lang/NoSuchMethodError'{0x0000000087a58648}: 'void java.lang.invoke.DirectMethodHandle$Holder.invokeStaticInit(java.lang.Object, java.lang.Object, java.lang.Object)'> (0x0000000087a58648) 
thrown [t:\workspace\open\src\hotspot\share\interpreter\linkResolver.cpp, line 766]
Event: 2.052 Thread 0x000001ed29d45390 Exception <a 'java/lang/ExceptionInInitializerError'{0x0000000087a85288}> (0x0000000087a85288) 
thrown [t:\workspace\open\src\hotspot\share\oops\instanceKlass.cpp, line 1163]
Event: 2.083 Thread 0x000001ed29d45390 Implicit null exception at 0x000001ed390d362f to 0x000001ed390d3744
Event: 2.085 Thread 0x000001ed29d45390 Exception <a 'java/lang/NoSuchMethodError'{0x000000008799dbf0}: 'java.lang.Object java.lang.invoke.Invokers$Holder.invokeExact_MT(java.lang.Object, int, java.lang.Object)'> (0x000000008799dbf0) 
thrown [t:\workspace\open\src\hotspot\share\interpreter\linkResolver.cpp, line 766]
Event: 2.105 Thread 0x000001ed29d45390 Exception <a 'java/lang/NoSuchMethodError'{0x0000000087841200}: 'int java.lang.invoke.DirectMethodHandle$Holder.invokeSpecial(java.lang.Object, java.lang.Object, java.lang.Object, java.lang.Object)'> (0x0000000087841200) 
thrown [t:\workspace\open\src\hotspot\share\interpreter\linkResolver.cpp, line 766]
Event: 2.393 Thread 0x000001ed29d45390 Exception <a 'java/lang/NoClassDefFoundError'{0x00000000870ac740}: com/google/inject/servlet/ServletModuleTargetVisitor> (0x00000000870ac740) 
thrown [t:\workspace\open\src\hotspot\share\classfile\systemDictionary.cpp, line 245]
Event: 2.471 Thread 0x000001ed29d45390 Exception <a 'java/lang/NoSuchMethodError'{0x0000000086d35430}: 'void java.lang.invoke.DirectMethodHandle$Holder.invokeVirtual(java.lang.Object, java.lang.Object)'> (0x0000000086d35430) 
thrown [t:\workspace\open\src\hotspot\share\interpreter\linkResolver.cpp, line 766]
Event: 2.721 Thread 0x000001ed29d45390 Exception <a 'java/lang/NoSuchMethodError'{0x0000000086dbc340}: 'java.lang.Object java.lang.invoke.DirectMethodHandle$Holder.invokeStaticInit(java.lang.Object, int, int, int, int)'> (0x0000000086dbc340) 
thrown [t:\workspace\open\src\hotspot\share\interpreter\linkResolver.cpp, line 766]
Event: 2.900 Thread 0x000001ed29d45390 Implicit null exception at 0x000001ed3907f8f2 to 0x000001ed3907fe68
Event: 2.900 Thread 0x000001ed29d45390 Implicit null exception at 0x000001ed390825f2 to 0x000001ed39082ba0

VM Operations (20 events):
Event: 2.056 Executing VM operation: HandshakeAllThreads
Event: 2.056 Executing VM operation: HandshakeAllThreads done
Event: 2.131 Executing VM operation: HandshakeAllThreads
Event: 2.132 Executing VM operation: HandshakeAllThreads done
Event: 2.134 Executing VM operation: HandshakeAllThreads
Event: 2.134 Executing VM operation: HandshakeAllThreads done
Event: 2.203 Executing VM operation: HandshakeAllThreads
Event: 2.203 Executing VM operation: HandshakeAllThreads done
Event: 2.346 Executing VM operation: HandshakeAllThreads
Event: 2.346 Executing VM operation: HandshakeAllThreads done
Event: 2.437 Executing VM operation: ICBufferFull
Event: 2.437 Executing VM operation: ICBufferFull done
Event: 2.481 Executing VM operation: HandshakeAllThreads
Event: 2.481 Executing VM operation: HandshakeAllThreads done
Event: 2.739 Executing VM operation: HandshakeAllThreads
Event: 2.739 Executing VM operation: HandshakeAllThreads done
Event: 2.848 Executing VM operation: HandshakeAllThreads
Event: 2.848 Executing VM operation: HandshakeAllThreads done
Event: 2.849 Executing VM operation: HandshakeAllThreads
Event: 2.849 Executing VM operation: HandshakeAllThreads done

Events (20 events):
Event: 2.805 loading class java/util/concurrent/locks/AbstractQueuedSynchronizer$Node done
Event: 2.805 loading class java/util/concurrent/locks/AbstractQueuedSynchronizer$ConditionNode done
Event: 2.847 loading class java/net/URL$2
Event: 2.848 loading class java/net/URL$2 done
Event: 2.848 loading class java/net/URL$1
Event: 2.848 loading class java/net/URL$1 done
Event: 2.848 loading class java/net/spi/URLStreamHandlerProvider
Event: 2.848 loading class java/net/spi/URLStreamHandlerProvider done
Event: 2.849 loading class sun/net/www/protocol/https/Handler
Event: 2.849 loading class sun/net/www/protocol/http/Handler
Event: 2.849 loading class sun/net/www/protocol/http/Handler done
Event: 2.849 loading class sun/net/www/protocol/https/Handler done
Event: 2.852 loading class java/util/regex/Pattern$Pos
Event: 2.853 loading class java/util/regex/Pattern$Pos done
Event: 2.858 loading class java/util/ArrayList$SubList$1
Event: 2.859 loading class java/util/ArrayList$SubList$1 done
Event: 2.865 loading class java/util/concurrent/atomic/AtomicReference
Event: 2.865 loading class java/util/concurrent/atomic/AtomicReference done
Event: 2.927 loading class java/lang/ThreadLocal$SuppliedThreadLocal
Event: 2.927 loading class java/lang/ThreadLocal$SuppliedThreadLocal done


Dynamic libraries:
0x00007ff6111c0000 - 0x00007ff6111d0000 	C:\Program Files\Java\jdk-17.0.2\bin\java.exe
0x00007ffeef490000 - 0x00007ffeef688000 	C:\Windows\SYSTEM32\ntdll.dll
0x00007ffeed740000 - 0x00007ffeed7ff000 	C:\Windows\System32\KERNEL32.DLL
0x00007ffeed130000 - 0x00007ffeed426000 	C:\Windows\System32\KERNELBASE.dll
0x00007ffeece90000 - 0x00007ffeecf90000 	C:\Windows\System32\ucrtbase.dll
0x00007ffee1b80000 - 0x00007ffee1b98000 	C:\Program Files\Java\jdk-17.0.2\bin\jli.dll
0x00007ffeed9c0000 - 0x00007ffeeda6f000 	C:\Windows\System32\ADVAPI32.dll
0x00007ffeee2c0000 - 0x00007ffeee35e000 	C:\Windows\System32\msvcrt.dll
0x00007ffeee7e0000 - 0x00007ffeee87c000 	C:\Windows\System32\sechost.dll
0x00007ffeef100000 - 0x00007ffeef226000 	C:\Windows\System32\RPCRT4.dll
0x00007ffeee500000 - 0x00007ffeee69d000 	C:\Windows\System32\USER32.dll
0x00007ffeecdc0000 - 0x00007ffeecde2000 	C:\Windows\System32\win32u.dll
0x00007ffeed5e0000 - 0x00007ffeed60c000 	C:\Windows\System32\GDI32.dll
0x00007ffeecca0000 - 0x00007ffeecdb5000 	C:\Windows\System32\gdi32full.dll
0x00007ffeecdf0000 - 0x00007ffeece8d000 	C:\Windows\System32\msvcp_win.dll
0x00007ffedeab0000 - 0x00007ffedeaca000 	C:\Program Files\Java\jdk-17.0.2\bin\VCRUNTIME140.dll
0x00007ffedead0000 - 0x00007ffeded6a000 	C:\Windows\WinSxS\amd64_microsoft.windows.common-controls_6595b64144ccf1df_6.0.19041.1110_none_60b5254171f9507e\COMCTL32.dll
0x00007ffee6690000 - 0x00007ffee669a000 	C:\Windows\SYSTEM32\VERSION.dll
0x00007ffeeda70000 - 0x00007ffeedaa0000 	C:\Windows\System32\IMM32.DLL
0x00007ffed3750000 - 0x00007ffed3868000 	C:\Program Files (x86)\Citrix\ICA Client\epclient64.dll
0x00007ffeebc50000 - 0x00007ffeebc83000 	C:\Windows\SYSTEM32\ntmarta.dll
0x00007ffee2240000 - 0x00007ffee224c000 	C:\Program Files\Java\jdk-17.0.2\bin\vcruntime140_1.dll
0x00007ffec1170000 - 0x00007ffec11fd000 	C:\Program Files\Java\jdk-17.0.2\bin\msvcp140.dll
0x00007ffe946b0000 - 0x00007ffe95271000 	C:\Program Files\Java\jdk-17.0.2\bin\server\jvm.dll
0x00007ffeed800000 - 0x00007ffeed808000 	C:\Windows\System32\PSAPI.DLL
0x00007ffecd030000 - 0x00007ffecd039000 	C:\Windows\SYSTEM32\WSOCK32.dll
0x00007ffeef230000 - 0x00007ffeef29b000 	C:\Windows\System32\WS2_32.dll
0x00007ffee1ab0000 - 0x00007ffee1ad7000 	C:\Windows\SYSTEM32\WINMM.dll
0x00007ffeeb3d0000 - 0x00007ffeeb3e2000 	C:\Windows\SYSTEM32\kernel.appcore.dll
0x00007ffee1d70000 - 0x00007ffee1d7a000 	C:\Program Files\Java\jdk-17.0.2\bin\jimage.dll
0x00007ffeeaf00000 - 0x00007ffeeb0e4000 	C:\Windows\SYSTEM32\DBGHELP.DLL
0x00007ffed1e60000 - 0x00007ffed1e94000 	C:\Windows\SYSTEM32\dbgcore.DLL
0x000001ed29470000 - 0x000001ed294f2000 	C:\Windows\System32\bcryptPrimitives.dll
0x00007ffeddd30000 - 0x00007ffeddd3e000 	C:\Program Files\Java\jdk-17.0.2\bin\instrument.dll
0x00007ffede0e0000 - 0x00007ffede105000 	C:\Program Files\Java\jdk-17.0.2\bin\java.dll
0x00007ffeac780000 - 0x00007ffeac856000 	C:\Program Files\Java\jdk-17.0.2\bin\jsvml.dll
0x000001ed48400000 - 0x000001ed48b44000 	C:\Windows\System32\SHELL32.dll
0x00007ffeea640000 - 0x00007ffeeadd3000 	C:\Windows\SYSTEM32\windows.storage.dll
0x00007ffeeed10000 - 0x00007ffeef064000 	C:\Windows\System32\combase.dll
0x00007ffeec4b0000 - 0x00007ffeec4de000 	C:\Windows\SYSTEM32\Wldp.dll
0x000001ed47ab0000 - 0x000001ed47b5d000 	C:\Windows\System32\SHCORE.dll
0x00007ffeef2a0000 - 0x00007ffeef2f5000 	C:\Windows\System32\shlwapi.dll
0x00007ffeeca80000 - 0x00007ffeeca9f000 	C:\Windows\SYSTEM32\profapi.dll
0x00007ffedd560000 - 0x00007ffedd578000 	C:\Program Files\Java\jdk-17.0.2\bin\zip.dll
0x00007ffedea90000 - 0x00007ffedeaa9000 	C:\Program Files\Java\jdk-17.0.2\bin\net.dll
0x00007ffee6490000 - 0x00007ffee659a000 	C:\Windows\SYSTEM32\WINHTTP.dll
0x00007ffeec210000 - 0x00007ffeec27a000 	C:\Windows\system32\mswsock.dll
0x00007ffedda20000 - 0x00007ffedda36000 	C:\Program Files\Java\jdk-17.0.2\bin\nio.dll
0x00007ffedd540000 - 0x00007ffedd55a000 	C:\Program Files\JetBrains\IntelliJ IDEA Community Edition 2023.3.3\bin\breakgen64.dll
0x00007ffee1fa0000 - 0x00007ffee1fc4000 	C:\Users\Miguel\AppData\Local\Temp\jansi-2.4.1-a27167833dc8b18c-jansi.dll
0x00007ffee0150000 - 0x00007ffee0160000 	C:\Program Files\Java\jdk-17.0.2\bin\verify.dll

dbghelp: loaded successfully - version: 4.0.5 - missing functions: none
symbol engine: initialized successfully - sym options: 0x614 - pdb path: .;C:\Program Files\Java\jdk-17.0.2\bin;C:\Windows\SYSTEM32;C:\Windows\WinSxS\amd64_microsoft.windows.common-controls_6595b64144ccf1df_6.0.19041.1110_none_60b5254171f9507e;C:\Program Files (x86)\Citrix\ICA Client;C:\Program Files\Java\jdk-17.0.2\bin\server;C:\Program Files\JetBrains\IntelliJ IDEA Community Edition 2023.3.3\bin;C:\Users\Miguel\AppData\Local\Temp

VM Arguments:
jvm_args: -Dmaven.multiModuleProjectDirectory=D:\PRUEBATECNICA\JAVA Y REACT\com.pruebaTecnica -Djansi.passthrough=true -Dmaven.home=C:\Users\Miguel\.m2\wrapper\dists\apache-maven-3.9.7-bin\3k9n615lchs6mp84v355m633uo\apache-maven-3.9.7 -Dclassworlds.conf=C:\Users\Miguel\.m2\wrapper\dists\apache-maven-3.9.7-bin\3k9n615lchs6mp84v355m633uo\apache-maven-3.9.7\bin\m2.conf -Dmaven.ext.class.path=C:\Program Files\JetBrains\IntelliJ IDEA Community Edition 2023.3.3\plugins\maven\lib\maven-event-listener.jar -javaagent:C:\Program Files\JetBrains\IntelliJ IDEA Community Edition 2023.3.3\lib\idea_rt.jar=58885:C:\Program Files\JetBrains\IntelliJ IDEA Community Edition 2023.3.3\bin -Dfile.encoding=UTF-8 
java_command: org.codehaus.classworlds.Launcher -Didea.version=2023.3.3 org.springframework.boot:spring-boot-maven-plugin:3.3.1:run
java_class_path (initial): C:\Users\Miguel\.m2\wrapper\dists\apache-maven-3.9.7-bin\3k9n615lchs6mp84v355m633uo\apache-maven-3.9.7\boot\plexus-classworlds-2.8.0.jar;C:\Users\Miguel\.m2\wrapper\dists\apache-maven-3.9.7-bin\3k9n615lchs6mp84v355m633uo\apache-maven-3.9.7\boot\plexus-classworlds.license
Launcher Type: SUN_STANDARD

[Global flags]
     intx CICompilerCount                          = 3                                         {product} {ergonomic}
     uint ConcGCThreads                            = 2                                         {product} {ergonomic}
     uint G1ConcRefinementThreads                  = 6                                         {product} {ergonomic}
   size_t G1HeapRegionSize                         = 1048576                                   {product} {ergonomic}
    uintx GCDrainStackTargetSize                   = 64                                        {product} {ergonomic}
   size_t InitialHeapSize                          = 134217728                                 {product} {ergonomic}
   size_t MarkStackSize                            = 4194304                                   {product} {ergonomic}
   size_t MaxHeapSize                              = 2136997888                                {product} {ergonomic}
   size_t MaxNewSize                               = 1281359872                                {product} {ergonomic}
   size_t MinHeapDeltaBytes                        = 1048576                                   {product} {ergonomic}
   size_t MinHeapSize                              = 8388608                                   {product} {ergonomic}
    uintx NonNMethodCodeHeapSize                   = 5832780                                {pd product} {ergonomic}
    uintx NonProfiledCodeHeapSize                  = 122912730                              {pd product} {ergonomic}
    uintx ProfiledCodeHeapSize                     = 122912730                              {pd product} {ergonomic}
    uintx ReservedCodeCacheSize                    = 251658240                              {pd product} {ergonomic}
     bool SegmentedCodeCache                       = true                                      {product} {ergonomic}
   size_t SoftMaxHeapSize                          = 2136997888                             {manageable} {ergonomic}
     bool UseCompressedClassPointers               = true                           {product lp64_product} {ergonomic}
     bool UseCompressedOops                        = true                           {product lp64_product} {ergonomic}
     bool UseG1GC                                  = true                                      {product} {ergonomic}
     bool UseLargePagesIndividualAllocation        = false                                  {pd product} {ergonomic}

Logging:
Log output configuration:
 #0: stdout all=warning uptime,level,tags
 #1: stderr all=off uptime,level,tags

Environment Variables:
JAVA_HOME=C:\Program Files\Java\jdk-17.0.2
PATH=C:\app\Miguel\product\21c\dbhomeXE\bin;C:\Program Files (x86)\Razer Chroma SDK\bin;C:\Program Files\Razer Chroma SDK\bin;C:\Program Files (x86)\Razer\ChromaBroadcast\bin;C:\Program Files\Razer\ChromaBroadcast\bin;C:\Program Files\Common Files\Oracle\Java\javapath;C:\ProgramData\Oracle\Java\javapath;C:\Windows\system32;C:\Windows;C:\Windows\System32\Wbem;C:\Windows\System32\WindowsPowerShell\v1.0\;C:\Windows\System32\OpenSSH\;C:\Program Files\Git\cmd;C:\Program Files\Java\jdk-17.0.2\bin;C:\Maven\apache-maven-3.8.4\bin;C:\Users\Miguel\AppData\Local\Microsoft\WindowsApps;C:\Users\Miguel\AppData\Local\Programs\Microsoft VS Code\bin;C:\Users\Miguel\AppData\Roaming\npm;C:\Program Files (x86)\VERIFONE\FST;C:\Windows\system32\config\systemprofile\AppData\Local\Microsoft\WindowsApps;C:\Program Files (x86)\Windows Kits\10\Windows Performance Toolkit\;C:\Program Files (x86)\Microsoft SQL Server\160\Tools\Binn\;C:\Program Files\Microsoft SQL Server\160\Tools\Binn\;C:\Program Files\Microsoft SQL Server\Client SDK\ODBC\170\Tools\Binn\;C:\Program Files\Microsoft SQL Server\160\DTS\Binn\;C:\Program Files\nodejs\;C:\Program Files\MySQL\MySQL Shell 8.0\bin\;C:\Users\Miguel\AppData\Local\Microsoft\WindowsApps;;C:\Users\Miguel\AppData\Local\Programs\Microsoft VS Code\bin;C:\Users\Miguel\AppData\Roaming\npm
USERNAME=Miguel
OS=Windows_NT
PROCESSOR_IDENTIFIER=AMD64 Family 21 Model 2 Stepping 0, AuthenticAMD



---------------  S Y S T E M  ---------------

OS:
 Windows 10 , 64 bit Build 19041 (10.0.19041.3031)
OS uptime: 4 days 22:49 hours

CPU: total 6 (initial active 6) (6 cores per cpu, 1 threads per core) family 21 model 2 stepping 0 microcode 0x0, cx8, cmov, fxsr, mmx, 3dnowpref, sse, sse2, sse3, ssse3, sse4a, sse4.1, sse4.2, popcnt, lzcnt, tsc, tscinvbit, avx, aes, clmul, bmi1, fma, vzeroupper, clflush

Memory: 4k page, system-wide physical 8149M (378M free)
TotalPageFile size 15317M (AvailPageFile size 3M)
current process WorkingSet (physical memory assigned to process): 118M, peak: 118M
current process commit charge ("private bytes"): 248M, peak: 248M

vm_info: Java HotSpot(TM) 64-Bit Server VM (17.0.2+8-LTS-86) for windows-amd64 JRE (17.0.2+8-LTS-86), built on Dec  7 2021 21:51:03 by "mach5one" with MS VC++ 16.8 / 16.9 (VS2019)

END.
