#
# There is insufficient memory for the Java Runtime Environment to continue.
# Native memory allocation (malloc) failed to allocate 478384 bytes for Chunk::new
# Possible reasons:
#   The system is out of physical RAM or swap space
#   The process is running with CompressedOops enabled, and the Java Heap may be blocking the growth of the native heap
# Possible solutions:
#   Reduce memory load on the system
#   Increase physical memory or swap space
#   Check if swap backing store is full
#   Decrease Java heap size (-Xmx/-Xms)
#   Decrease number of Java threads
#   Decrease Java thread stack sizes (-Xss)
#   Set larger code cache with -XX:ReservedCodeCacheSize=
#   JVM is running with Unscaled Compressed Oops mode in which the Java heap is
#     placed in the first 4GB address space. The Java Heap base address is the
#     maximum limit for the native heap growth. Please use -XX:HeapBaseMinAddress
#     to set the Java Heap base and to place the Java Heap above 4GB virtual address.
# This output file may be truncated or incomplete.
#
#  Out of Memory Error (arena.cpp:189), pid=16080, tid=18236
#
# JRE version: Java(TM) SE Runtime Environment (17.0.2+8) (build 17.0.2+8-LTS-86)
# Java VM: Java HotSpot(TM) 64-Bit Server VM (17.0.2+8-LTS-86, mixed mode, sharing, tiered, compressed oops, compressed class ptrs, g1 gc, windows-amd64)
# No core dump will be written. Minidumps are not enabled by default on client versions of Windows
#

---------------  S U M M A R Y ------------

Command Line: -Dmaven.multiModuleProjectDirectory=D:\PRUEBATECNICA\JAVA Y REACT\com.pruebaTecnica -Djansi.passthrough=true -Dmaven.home=C:\Users\Miguel\.m2\wrapper\dists\apache-maven-3.9.7-bin\3k9n615lchs6mp84v355m633uo\apache-maven-3.9.7 -Dclassworlds.conf=C:\Users\Miguel\.m2\wrapper\dists\apache-maven-3.9.7-bin\3k9n615lchs6mp84v355m633uo\apache-maven-3.9.7\bin\m2.conf -Dmaven.ext.class.path=C:\Program Files\JetBrains\IntelliJ IDEA Community Edition 2023.3.3\plugins\maven\lib\maven-event-listener.jar -javaagent:C:\Program Files\JetBrains\IntelliJ IDEA Community Edition 2023.3.3\lib\idea_rt.jar=58969:C:\Program Files\JetBrains\IntelliJ IDEA Community Edition 2023.3.3\bin -Dfile.encoding=UTF-8 org.codehaus.classworlds.Launcher -Didea.version=2023.3.3 org.springframework.boot:spring-boot-maven-plugin:3.3.1:run

Host: AMD FX(tm)-6300 Six-Core Processor             , 6 cores, 7G,  Windows 10 , 64 bit Build 19041 (10.0.19041.3031)
Time: Tue Jun 25 22:23:50 2024 Hora est. Pacífico, Sudamérica elapsed time: 4.468787 seconds (0d 0h 0m 4s)

---------------  T H R E A D  ---------------

Current thread (0x00000218bd29de00):  JavaThread "C2 CompilerThread1" daemon [_thread_in_native, id=18236, stack(0x000000abf3100000,0x000000abf3200000)]


Current CompileTask:
C2:   4468 3831       4       org.apache.maven.model.interpolation.StringVisitorModelInterpolator$ModelVisitor::visit (117 bytes)

Stack: [0x000000abf3100000,0x000000abf3200000]
Native frames: (J=compiled Java code, j=interpreted, Vv=VM code, C=native code)
V  [jvm.dll+0x670baa]
V  [jvm.dll+0x7cfcb4]
V  [jvm.dll+0x7d145e]
V  [jvm.dll+0x7d1ac3]
V  [jvm.dll+0x242bc5]
V  [jvm.dll+0xaa57b]
V  [jvm.dll+0xaab0c]
V  [jvm.dll+0x35fd07]
V  [jvm.dll+0x32a331]
V  [jvm.dll+0x3297da]
V  [jvm.dll+0x215c91]
V  [jvm.dll+0x2150b1]
V  [jvm.dll+0x1a1bbd]
V  [jvm.dll+0x224908]
V  [jvm.dll+0x222a6c]
V  [jvm.dll+0x7859bb]
V  [jvm.dll+0x77ff7a]
V  [jvm.dll+0x66fa35]
C  [ucrtbase.dll+0x21bb2]
C  [KERNEL32.DLL+0x17614]
C  [ntdll.dll+0x526f1]


---------------  P R O C E S S  ---------------

Threads class SMR info:
_java_thread_list=0x00000218bf4839a0, length=15, elements={
0x000002189d2689a0, 0x00000218bd27dc50, 0x00000218bd27e800, 0x00000218bd290270,
0x00000218bd290e20, 0x00000218bd2937e0, 0x00000218bd294190, 0x00000218bd2a0680,
0x00000218bd29e310, 0x00000218bd2ae970, 0x00000218bd267350, 0x00000218be4d8350,
0x00000218be4d98e0, 0x00000218bf3ac550, 0x00000218bd29de00
}

Java Threads: ( => current thread )
  0x000002189d2689a0 JavaThread "main" [_thread_in_Java, id=16680, stack(0x000000abf1e00000,0x000000abf1f00000)]
  0x00000218bd27dc50 JavaThread "Reference Handler" daemon [_thread_blocked, id=15676, stack(0x000000abf2400000,0x000000abf2500000)]
  0x00000218bd27e800 JavaThread "Finalizer" daemon [_thread_blocked, id=18648, stack(0x000000abf2500000,0x000000abf2600000)]
  0x00000218bd290270 JavaThread "Signal Dispatcher" daemon [_thread_blocked, id=13900, stack(0x000000abf2600000,0x000000abf2700000)]
  0x00000218bd290e20 JavaThread "Attach Listener" daemon [_thread_blocked, id=16188, stack(0x000000abf2700000,0x000000abf2800000)]
  0x00000218bd2937e0 JavaThread "Service Thread" daemon [_thread_blocked, id=1992, stack(0x000000abf2800000,0x000000abf2900000)]
  0x00000218bd294190 JavaThread "Monitor Deflation Thread" daemon [_thread_blocked, id=1968, stack(0x000000abf2900000,0x000000abf2a00000)]
  0x00000218bd2a0680 JavaThread "C2 CompilerThread0" daemon [_thread_in_native, id=7796, stack(0x000000abf2a00000,0x000000abf2b00000)]
  0x00000218bd29e310 JavaThread "C1 CompilerThread0" daemon [_thread_blocked, id=14384, stack(0x000000abf2b00000,0x000000abf2c00000)]
  0x00000218bd2ae970 JavaThread "Sweeper thread" daemon [_thread_blocked, id=10296, stack(0x000000abf2c00000,0x000000abf2d00000)]
  0x00000218bd267350 JavaThread "Common-Cleaner" daemon [_thread_blocked, id=5704, stack(0x000000abf2d00000,0x000000abf2e00000)]
  0x00000218be4d8350 JavaThread "Monitor Ctrl-Break" daemon [_thread_in_native, id=18572, stack(0x000000abf2e00000,0x000000abf2f00000)]
  0x00000218be4d98e0 JavaThread "Notification Thread" daemon [_thread_blocked, id=9064, stack(0x000000abf2f00000,0x000000abf3000000)]
  0x00000218bf3ac550 JavaThread "Thread-1" daemon [_thread_blocked, id=4496, stack(0x000000abf3700000,0x000000abf3800000)]
=>0x00000218bd29de00 JavaThread "C2 CompilerThread1" daemon [_thread_in_native, id=18236, stack(0x000000abf3100000,0x000000abf3200000)]

Other Threads:
  0x00000218bd27b1c0 VMThread "VM Thread" [stack: 0x000000abf2300000,0x000000abf2400000] [id=15332]
  0x000002189d244460 WatcherThread [stack: 0x000000abf3000000,0x000000abf3100000] [id=12180]
  0x000002189f5e5a20 GCTaskThread "GC Thread#0" [stack: 0x000000abf1d00000,0x000000abf1e00000] [id=16704]
  0x00000218be9cdc80 GCTaskThread "GC Thread#1" [stack: 0x000000abf3200000,0x000000abf3300000] [id=16992]
  0x00000218be9cdf30 GCTaskThread "GC Thread#2" [stack: 0x000000abf3300000,0x000000abf3400000] [id=1360]
  0x00000218beb2abd0 GCTaskThread "GC Thread#3" [stack: 0x000000abf3400000,0x000000abf3500000] [id=13428]
  0x00000218bf536cc0 GCTaskThread "GC Thread#4" [stack: 0x000000abf3500000,0x000000abf3600000] [id=14720]
  0x00000218bf1ec470 GCTaskThread "GC Thread#5" [stack: 0x000000abf3600000,0x000000abf3700000] [id=8512]
  0x000002189f5f6880 ConcurrentGCThread "G1 Main Marker" [stack: 0x000000abf1f00000,0x000000abf2000000] [id=7992]
  0x000002189f5f8cb0 ConcurrentGCThread "G1 Conc#0" [stack: 0x000000abf2000000,0x000000abf2100000] [id=9548]
  0x000002189f658cb0 ConcurrentGCThread "G1 Refine#0" [stack: 0x000000abf2100000,0x000000abf2200000] [id=8908]
  0x000002189f659570 ConcurrentGCThread "G1 Service" [stack: 0x000000abf2200000,0x000000abf2300000] [id=13352]

Threads with active compile tasks:
C2 CompilerThread0     4506 3846   !   4       org.codehaus.plexus.interpolation.StringSearchInterpolator::interpolate (668 bytes)
C2 CompilerThread1     4506 3831       4       org.apache.maven.model.interpolation.StringVisitorModelInterpolator$ModelVisitor::visit (117 bytes)

VM state: not at safepoint (normal execution)

VM Mutex/Monitor currently owned by a thread: None

Heap address: 0x0000000080a00000, size: 2038 MB, Compressed Oops mode: 32-bit

CDS archive(s) mapped at: [0x0000000800000000-0x0000000800bc0000-0x0000000800bc0000), size 12320768, SharedBaseAddress: 0x0000000800000000, ArchiveRelocationMode: 0.
Compressed class space mapped at: 0x0000000800c00000-0x0000000840c00000, reserved size: 1073741824
Narrow klass base: 0x0000000800000000, Narrow klass shift: 0, Narrow klass range: 0x100000000

GC Precious Log:
 CPUs: 6 total, 6 available
 Memory: 8149M
 Large Page Support: Disabled
 NUMA Support: Disabled
 Compressed Oops: Enabled (32-bit)
 Heap Region Size: 1M
 Heap Min Capacity: 8M
 Heap Initial Capacity: 128M
 Heap Max Capacity: 2038M
 Pre-touch: Disabled
 Parallel Workers: 6
 Concurrent Workers: 2
 Concurrent Refinement Workers: 6
 Periodic GC: Disabled

Heap:
 garbage-first heap   total 131072K, used 31693K [0x0000000080a00000, 0x0000000100000000)
  region size 1024K, 29 young (29696K), 10 survivors (10240K)
 Metaspace       used 16338K, committed 16576K, reserved 1064960K
  class space    used 1908K, committed 2048K, reserved 1048576K

Heap Regions: E=young(eden), S=young(survivor), O=old, HS=humongous(starts), HC=humongous(continues), CS=collection set, F=free, OA=open archive, CA=closed archive, TAMS=top-at-mark-start (previous, next)
|   0|0x0000000080a00000, 0x0000000080b00000, 0x0000000080b00000|100%| O|  |TAMS 0x0000000080a00000, 0x0000000080a00000| Untracked 
|   1|0x0000000080b00000, 0x0000000080c00000, 0x0000000080c00000|100%| O|  |TAMS 0x0000000080b00000, 0x0000000080b00000| Untracked 
|   2|0x0000000080c00000, 0x0000000080d00000, 0x0000000080d00000|100%| O|  |TAMS 0x0000000080c00000, 0x0000000080c00000| Untracked 
|   3|0x0000000080d00000, 0x0000000080dab200, 0x0000000080e00000| 66%| O|  |TAMS 0x0000000080d00000, 0x0000000080d00000| Untracked 
|   4|0x0000000080e00000, 0x0000000080e00000, 0x0000000080f00000|  0%| F|  |TAMS 0x0000000080e00000, 0x0000000080e00000| Untracked 
|   5|0x0000000080f00000, 0x0000000080f00000, 0x0000000081000000|  0%| F|  |TAMS 0x0000000080f00000, 0x0000000080f00000| Untracked 
|   6|0x0000000081000000, 0x0000000081000000, 0x0000000081100000|  0%| F|  |TAMS 0x0000000081000000, 0x0000000081000000| Untracked 
|   7|0x0000000081100000, 0x0000000081100000, 0x0000000081200000|  0%| F|  |TAMS 0x0000000081100000, 0x0000000081100000| Untracked 
|   8|0x0000000081200000, 0x0000000081200000, 0x0000000081300000|  0%| F|  |TAMS 0x0000000081200000, 0x0000000081200000| Untracked 
|   9|0x0000000081300000, 0x0000000081300000, 0x0000000081400000|  0%| F|  |TAMS 0x0000000081300000, 0x0000000081300000| Untracked 
|  10|0x0000000081400000, 0x0000000081400000, 0x0000000081500000|  0%| F|  |TAMS 0x0000000081400000, 0x0000000081400000| Untracked 
|  11|0x0000000081500000, 0x0000000081500000, 0x0000000081600000|  0%| F|  |TAMS 0x0000000081500000, 0x0000000081500000| Untracked 
|  12|0x0000000081600000, 0x0000000081600000, 0x0000000081700000|  0%| F|  |TAMS 0x0000000081600000, 0x0000000081600000| Untracked 
|  13|0x0000000081700000, 0x0000000081700000, 0x0000000081800000|  0%| F|  |TAMS 0x0000000081700000, 0x0000000081700000| Untracked 
|  14|0x0000000081800000, 0x0000000081800000, 0x0000000081900000|  0%| F|  |TAMS 0x0000000081800000, 0x0000000081800000| Untracked 
|  15|0x0000000081900000, 0x0000000081900000, 0x0000000081a00000|  0%| F|  |TAMS 0x0000000081900000, 0x0000000081900000| Untracked 
|  16|0x0000000081a00000, 0x0000000081a00000, 0x0000000081b00000|  0%| F|  |TAMS 0x0000000081a00000, 0x0000000081a00000| Untracked 
|  17|0x0000000081b00000, 0x0000000081b00000, 0x0000000081c00000|  0%| F|  |TAMS 0x0000000081b00000, 0x0000000081b00000| Untracked 
|  18|0x0000000081c00000, 0x0000000081c00000, 0x0000000081d00000|  0%| F|  |TAMS 0x0000000081c00000, 0x0000000081c00000| Untracked 
|  19|0x0000000081d00000, 0x0000000081d00000, 0x0000000081e00000|  0%| F|  |TAMS 0x0000000081d00000, 0x0000000081d00000| Untracked 
|  20|0x0000000081e00000, 0x0000000081e00000, 0x0000000081f00000|  0%| F|  |TAMS 0x0000000081e00000, 0x0000000081e00000| Untracked 
|  21|0x0000000081f00000, 0x0000000081f00000, 0x0000000082000000|  0%| F|  |TAMS 0x0000000081f00000, 0x0000000081f00000| Untracked 
|  22|0x0000000082000000, 0x0000000082000000, 0x0000000082100000|  0%| F|  |TAMS 0x0000000082000000, 0x0000000082000000| Untracked 
|  23|0x0000000082100000, 0x0000000082100000, 0x0000000082200000|  0%| F|  |TAMS 0x0000000082100000, 0x0000000082100000| Untracked 
|  24|0x0000000082200000, 0x0000000082200000, 0x0000000082300000|  0%| F|  |TAMS 0x0000000082200000, 0x0000000082200000| Untracked 
|  25|0x0000000082300000, 0x0000000082300000, 0x0000000082400000|  0%| F|  |TAMS 0x0000000082300000, 0x0000000082300000| Untracked 
|  26|0x0000000082400000, 0x0000000082400000, 0x0000000082500000|  0%| F|  |TAMS 0x0000000082400000, 0x0000000082400000| Untracked 
|  27|0x0000000082500000, 0x0000000082500000, 0x0000000082600000|  0%| F|  |TAMS 0x0000000082500000, 0x0000000082500000| Untracked 
|  28|0x0000000082600000, 0x0000000082600000, 0x0000000082700000|  0%| F|  |TAMS 0x0000000082600000, 0x0000000082600000| Untracked 
|  29|0x0000000082700000, 0x0000000082700000, 0x0000000082800000|  0%| F|  |TAMS 0x0000000082700000, 0x0000000082700000| Untracked 
|  30|0x0000000082800000, 0x0000000082800000, 0x0000000082900000|  0%| F|  |TAMS 0x0000000082800000, 0x0000000082800000| Untracked 
|  31|0x0000000082900000, 0x0000000082900000, 0x0000000082a00000|  0%| F|  |TAMS 0x0000000082900000, 0x0000000082900000| Untracked 
|  32|0x0000000082a00000, 0x0000000082a00000, 0x0000000082b00000|  0%| F|  |TAMS 0x0000000082a00000, 0x0000000082a00000| Untracked 
|  33|0x0000000082b00000, 0x0000000082b00000, 0x0000000082c00000|  0%| F|  |TAMS 0x0000000082b00000, 0x0000000082b00000| Untracked 
|  34|0x0000000082c00000, 0x0000000082c00000, 0x0000000082d00000|  0%| F|  |TAMS 0x0000000082c00000, 0x0000000082c00000| Untracked 
|  35|0x0000000082d00000, 0x0000000082d00000, 0x0000000082e00000|  0%| F|  |TAMS 0x0000000082d00000, 0x0000000082d00000| Untracked 
|  36|0x0000000082e00000, 0x0000000082e00000, 0x0000000082f00000|  0%| F|  |TAMS 0x0000000082e00000, 0x0000000082e00000| Untracked 
|  37|0x0000000082f00000, 0x0000000082f00000, 0x0000000083000000|  0%| F|  |TAMS 0x0000000082f00000, 0x0000000082f00000| Untracked 
|  38|0x0000000083000000, 0x0000000083000000, 0x0000000083100000|  0%| F|  |TAMS 0x0000000083000000, 0x0000000083000000| Untracked 
|  39|0x0000000083100000, 0x0000000083100000, 0x0000000083200000|  0%| F|  |TAMS 0x0000000083100000, 0x0000000083100000| Untracked 
|  40|0x0000000083200000, 0x0000000083200000, 0x0000000083300000|  0%| F|  |TAMS 0x0000000083200000, 0x0000000083200000| Untracked 
|  41|0x0000000083300000, 0x0000000083300000, 0x0000000083400000|  0%| F|  |TAMS 0x0000000083300000, 0x0000000083300000| Untracked 
|  42|0x0000000083400000, 0x0000000083448570, 0x0000000083500000| 28%| S|CS|TAMS 0x0000000083400000, 0x0000000083400000| Complete 
|  43|0x0000000083500000, 0x0000000083600000, 0x0000000083600000|100%| S|CS|TAMS 0x0000000083500000, 0x0000000083500000| Complete 
|  44|0x0000000083600000, 0x0000000083700000, 0x0000000083700000|100%| S|CS|TAMS 0x0000000083600000, 0x0000000083600000| Complete 
|  45|0x0000000083700000, 0x0000000083800000, 0x0000000083800000|100%| S|CS|TAMS 0x0000000083700000, 0x0000000083700000| Complete 
|  46|0x0000000083800000, 0x0000000083900000, 0x0000000083900000|100%| S|CS|TAMS 0x0000000083800000, 0x0000000083800000| Complete 
|  47|0x0000000083900000, 0x0000000083a00000, 0x0000000083a00000|100%| S|CS|TAMS 0x0000000083900000, 0x0000000083900000| Complete 
|  48|0x0000000083a00000, 0x0000000083b00000, 0x0000000083b00000|100%| S|CS|TAMS 0x0000000083a00000, 0x0000000083a00000| Complete 
|  49|0x0000000083b00000, 0x0000000083c00000, 0x0000000083c00000|100%| S|CS|TAMS 0x0000000083b00000, 0x0000000083b00000| Complete 
|  50|0x0000000083c00000, 0x0000000083d00000, 0x0000000083d00000|100%| S|CS|TAMS 0x0000000083c00000, 0x0000000083c00000| Complete 
|  51|0x0000000083d00000, 0x0000000083e00000, 0x0000000083e00000|100%| S|CS|TAMS 0x0000000083d00000, 0x0000000083d00000| Complete 
|  52|0x0000000083e00000, 0x0000000083e00000, 0x0000000083f00000|  0%| F|  |TAMS 0x0000000083e00000, 0x0000000083e00000| Untracked 
|  53|0x0000000083f00000, 0x0000000083f00000, 0x0000000084000000|  0%| F|  |TAMS 0x0000000083f00000, 0x0000000083f00000| Untracked 
|  54|0x0000000084000000, 0x0000000084000000, 0x0000000084100000|  0%| F|  |TAMS 0x0000000084000000, 0x0000000084000000| Untracked 
|  55|0x0000000084100000, 0x0000000084100000, 0x0000000084200000|  0%| F|  |TAMS 0x0000000084100000, 0x0000000084100000| Untracked 
|  56|0x0000000084200000, 0x0000000084200000, 0x0000000084300000|  0%| F|  |TAMS 0x0000000084200000, 0x0000000084200000| Untracked 
|  57|0x0000000084300000, 0x0000000084300000, 0x0000000084400000|  0%| F|  |TAMS 0x0000000084300000, 0x0000000084300000| Untracked 
|  58|0x0000000084400000, 0x0000000084400000, 0x0000000084500000|  0%| F|  |TAMS 0x0000000084400000, 0x0000000084400000| Untracked 
|  59|0x0000000084500000, 0x0000000084500000, 0x0000000084600000|  0%| F|  |TAMS 0x0000000084500000, 0x0000000084500000| Untracked 
|  60|0x0000000084600000, 0x0000000084600000, 0x0000000084700000|  0%| F|  |TAMS 0x0000000084600000, 0x0000000084600000| Untracked 
|  61|0x0000000084700000, 0x0000000084700000, 0x0000000084800000|  0%| F|  |TAMS 0x0000000084700000, 0x0000000084700000| Untracked 
|  62|0x0000000084800000, 0x0000000084800000, 0x0000000084900000|  0%| F|  |TAMS 0x0000000084800000, 0x0000000084800000| Untracked 
|  63|0x0000000084900000, 0x0000000084900000, 0x0000000084a00000|  0%| F|  |TAMS 0x0000000084900000, 0x0000000084900000| Untracked 
|  64|0x0000000084a00000, 0x0000000084a00000, 0x0000000084b00000|  0%| F|  |TAMS 0x0000000084a00000, 0x0000000084a00000| Untracked 
|  65|0x0000000084b00000, 0x0000000084b00000, 0x0000000084c00000|  0%| F|  |TAMS 0x0000000084b00000, 0x0000000084b00000| Untracked 
|  66|0x0000000084c00000, 0x0000000084c00000, 0x0000000084d00000|  0%| F|  |TAMS 0x0000000084c00000, 0x0000000084c00000| Untracked 
|  67|0x0000000084d00000, 0x0000000084d00000, 0x0000000084e00000|  0%| F|  |TAMS 0x0000000084d00000, 0x0000000084d00000| Untracked 
|  68|0x0000000084e00000, 0x0000000084e00000, 0x0000000084f00000|  0%| F|  |TAMS 0x0000000084e00000, 0x0000000084e00000| Untracked 
|  69|0x0000000084f00000, 0x0000000084f00000, 0x0000000085000000|  0%| F|  |TAMS 0x0000000084f00000, 0x0000000084f00000| Untracked 
|  70|0x0000000085000000, 0x0000000085000000, 0x0000000085100000|  0%| F|  |TAMS 0x0000000085000000, 0x0000000085000000| Untracked 
|  71|0x0000000085100000, 0x0000000085100000, 0x0000000085200000|  0%| F|  |TAMS 0x0000000085100000, 0x0000000085100000| Untracked 
|  72|0x0000000085200000, 0x0000000085200000, 0x0000000085300000|  0%| F|  |TAMS 0x0000000085200000, 0x0000000085200000| Untracked 
|  73|0x0000000085300000, 0x0000000085300000, 0x0000000085400000|  0%| F|  |TAMS 0x0000000085300000, 0x0000000085300000| Untracked 
|  74|0x0000000085400000, 0x0000000085400000, 0x0000000085500000|  0%| F|  |TAMS 0x0000000085400000, 0x0000000085400000| Untracked 
|  75|0x0000000085500000, 0x0000000085500000, 0x0000000085600000|  0%| F|  |TAMS 0x0000000085500000, 0x0000000085500000| Untracked 
|  76|0x0000000085600000, 0x0000000085600000, 0x0000000085700000|  0%| F|  |TAMS 0x0000000085600000, 0x0000000085600000| Untracked 
|  77|0x0000000085700000, 0x0000000085700000, 0x0000000085800000|  0%| F|  |TAMS 0x0000000085700000, 0x0000000085700000| Untracked 
|  78|0x0000000085800000, 0x0000000085800000, 0x0000000085900000|  0%| F|  |TAMS 0x0000000085800000, 0x0000000085800000| Untracked 
|  79|0x0000000085900000, 0x0000000085900000, 0x0000000085a00000|  0%| F|  |TAMS 0x0000000085900000, 0x0000000085900000| Untracked 
|  80|0x0000000085a00000, 0x0000000085a00000, 0x0000000085b00000|  0%| F|  |TAMS 0x0000000085a00000, 0x0000000085a00000| Untracked 
|  81|0x0000000085b00000, 0x0000000085b00000, 0x0000000085c00000|  0%| F|  |TAMS 0x0000000085b00000, 0x0000000085b00000| Untracked 
|  82|0x0000000085c00000, 0x0000000085c00000, 0x0000000085d00000|  0%| F|  |TAMS 0x0000000085c00000, 0x0000000085c00000| Untracked 
|  83|0x0000000085d00000, 0x0000000085d00000, 0x0000000085e00000|  0%| F|  |TAMS 0x0000000085d00000, 0x0000000085d00000| Untracked 
|  84|0x0000000085e00000, 0x0000000085e00000, 0x0000000085f00000|  0%| F|  |TAMS 0x0000000085e00000, 0x0000000085e00000| Untracked 
|  85|0x0000000085f00000, 0x0000000085f00000, 0x0000000086000000|  0%| F|  |TAMS 0x0000000085f00000, 0x0000000085f00000| Untracked 
|  86|0x0000000086000000, 0x0000000086000000, 0x0000000086100000|  0%| F|  |TAMS 0x0000000086000000, 0x0000000086000000| Untracked 
|  87|0x0000000086100000, 0x0000000086100000, 0x0000000086200000|  0%| F|  |TAMS 0x0000000086100000, 0x0000000086100000| Untracked 
|  88|0x0000000086200000, 0x0000000086200000, 0x0000000086300000|  0%| F|  |TAMS 0x0000000086200000, 0x0000000086200000| Untracked 
|  89|0x0000000086300000, 0x0000000086300000, 0x0000000086400000|  0%| F|  |TAMS 0x0000000086300000, 0x0000000086300000| Untracked 
|  90|0x0000000086400000, 0x0000000086400000, 0x0000000086500000|  0%| F|  |TAMS 0x0000000086400000, 0x0000000086400000| Untracked 
|  91|0x0000000086500000, 0x0000000086500000, 0x0000000086600000|  0%| F|  |TAMS 0x0000000086500000, 0x0000000086500000| Untracked 
|  92|0x0000000086600000, 0x0000000086600000, 0x0000000086700000|  0%| F|  |TAMS 0x0000000086600000, 0x0000000086600000| Untracked 
|  93|0x0000000086700000, 0x0000000086700000, 0x0000000086800000|  0%| F|  |TAMS 0x0000000086700000, 0x0000000086700000| Untracked 
|  94|0x0000000086800000, 0x0000000086800000, 0x0000000086900000|  0%| F|  |TAMS 0x0000000086800000, 0x0000000086800000| Untracked 
|  95|0x0000000086900000, 0x0000000086900000, 0x0000000086a00000|  0%| F|  |TAMS 0x0000000086900000, 0x0000000086900000| Untracked 
|  96|0x0000000086a00000, 0x0000000086a00000, 0x0000000086b00000|  0%| F|  |TAMS 0x0000000086a00000, 0x0000000086a00000| Untracked 
|  97|0x0000000086b00000, 0x0000000086b00000, 0x0000000086c00000|  0%| F|  |TAMS 0x0000000086b00000, 0x0000000086b00000| Untracked 
|  98|0x0000000086c00000, 0x0000000086c00000, 0x0000000086d00000|  0%| F|  |TAMS 0x0000000086c00000, 0x0000000086c00000| Untracked 
|  99|0x0000000086d00000, 0x0000000086d00000, 0x0000000086e00000|  0%| F|  |TAMS 0x0000000086d00000, 0x0000000086d00000| Untracked 
| 100|0x0000000086e00000, 0x0000000086e00000, 0x0000000086f00000|  0%| F|  |TAMS 0x0000000086e00000, 0x0000000086e00000| Untracked 
| 101|0x0000000086f00000, 0x0000000086f00000, 0x0000000087000000|  0%| F|  |TAMS 0x0000000086f00000, 0x0000000086f00000| Untracked 
| 102|0x0000000087000000, 0x0000000087000000, 0x0000000087100000|  0%| F|  |TAMS 0x0000000087000000, 0x0000000087000000| Untracked 
| 103|0x0000000087100000, 0x0000000087100000, 0x0000000087200000|  0%| F|  |TAMS 0x0000000087100000, 0x0000000087100000| Untracked 
| 104|0x0000000087200000, 0x0000000087200000, 0x0000000087300000|  0%| F|  |TAMS 0x0000000087200000, 0x0000000087200000| Untracked 
| 105|0x0000000087300000, 0x0000000087300000, 0x0000000087400000|  0%| F|  |TAMS 0x0000000087300000, 0x0000000087300000| Untracked 
| 106|0x0000000087400000, 0x0000000087400000, 0x0000000087500000|  0%| F|  |TAMS 0x0000000087400000, 0x0000000087400000| Untracked 
| 107|0x0000000087500000, 0x0000000087500000, 0x0000000087600000|  0%| F|  |TAMS 0x0000000087500000, 0x0000000087500000| Untracked 
| 108|0x0000000087600000, 0x0000000087680800, 0x0000000087700000| 50%| E|  |TAMS 0x0000000087600000, 0x0000000087600000| Complete 
| 109|0x0000000087700000, 0x0000000087800000, 0x0000000087800000|100%| E|CS|TAMS 0x0000000087700000, 0x0000000087700000| Complete 
| 110|0x0000000087800000, 0x0000000087900000, 0x0000000087900000|100%| E|CS|TAMS 0x0000000087800000, 0x0000000087800000| Complete 
| 111|0x0000000087900000, 0x0000000087a00000, 0x0000000087a00000|100%| E|CS|TAMS 0x0000000087900000, 0x0000000087900000| Complete 
| 112|0x0000000087a00000, 0x0000000087b00000, 0x0000000087b00000|100%| E|CS|TAMS 0x0000000087a00000, 0x0000000087a00000| Complete 
| 113|0x0000000087b00000, 0x0000000087c00000, 0x0000000087c00000|100%| E|CS|TAMS 0x0000000087b00000, 0x0000000087b00000| Complete 
| 114|0x0000000087c00000, 0x0000000087d00000, 0x0000000087d00000|100%| E|CS|TAMS 0x0000000087c00000, 0x0000000087c00000| Complete 
| 115|0x0000000087d00000, 0x0000000087e00000, 0x0000000087e00000|100%| E|CS|TAMS 0x0000000087d00000, 0x0000000087d00000| Complete 
| 116|0x0000000087e00000, 0x0000000087f00000, 0x0000000087f00000|100%| E|CS|TAMS 0x0000000087e00000, 0x0000000087e00000| Complete 
| 117|0x0000000087f00000, 0x0000000088000000, 0x0000000088000000|100%| E|CS|TAMS 0x0000000087f00000, 0x0000000087f00000| Complete 
| 118|0x0000000088000000, 0x0000000088100000, 0x0000000088100000|100%| E|CS|TAMS 0x0000000088000000, 0x0000000088000000| Complete 
| 119|0x0000000088100000, 0x0000000088200000, 0x0000000088200000|100%| E|CS|TAMS 0x0000000088100000, 0x0000000088100000| Complete 
| 120|0x0000000088200000, 0x0000000088300000, 0x0000000088300000|100%| E|CS|TAMS 0x0000000088200000, 0x0000000088200000| Complete 
| 121|0x0000000088300000, 0x0000000088400000, 0x0000000088400000|100%| E|CS|TAMS 0x0000000088300000, 0x0000000088300000| Complete 
| 122|0x0000000088400000, 0x0000000088500000, 0x0000000088500000|100%| E|CS|TAMS 0x0000000088400000, 0x0000000088400000| Complete 
| 123|0x0000000088500000, 0x0000000088600000, 0x0000000088600000|100%| E|CS|TAMS 0x0000000088500000, 0x0000000088500000| Complete 
| 124|0x0000000088600000, 0x0000000088700000, 0x0000000088700000|100%| E|CS|TAMS 0x0000000088600000, 0x0000000088600000| Complete 
| 125|0x0000000088700000, 0x0000000088800000, 0x0000000088800000|100%| E|CS|TAMS 0x0000000088700000, 0x0000000088700000| Complete 
| 126|0x0000000088800000, 0x0000000088900000, 0x0000000088900000|100%| E|CS|TAMS 0x0000000088800000, 0x0000000088800000| Complete 
| 127|0x0000000088900000, 0x0000000088a00000, 0x0000000088a00000|100%| E|CS|TAMS 0x0000000088900000, 0x0000000088900000| Complete 

Card table byte_map: [0x00000218b62f0000,0x00000218b66f0000] _byte_map_base: 0x00000218b5eeb000

Marking Bits (Prev, Next): (CMBitMap*) 0x000002189f5e5ed0, (CMBitMap*) 0x000002189f5e5f10
 Prev Bits: [0x00000218b6af0000, 0x00000218b8ac8000)
 Next Bits: [0x00000218b8ad0000, 0x00000218baaa8000)

Polling page: 0x000002189d3a0000

Metaspace:

Usage:
  Non-class:     14.14 MB used.
      Class:      1.86 MB used.
       Both:     16.00 MB used.

Virtual space:
  Non-class space:       16.00 MB reserved,      14.25 MB ( 89%) committed,  2 nodes.
      Class space:        1.00 GB reserved,       2.00 MB ( <1%) committed,  1 nodes.
             Both:        1.02 GB reserved,      16.25 MB (  2%) committed. 

Chunk freelists:
   Non-Class:  1.64 MB
       Class:  2.04 MB
        Both:  3.69 MB

MaxMetaspaceSize: unlimited
CompressedClassSpaceSize: 1.00 GB
Initial GC threshold: 21.00 MB
Current GC threshold: 21.00 MB
CDS: on
MetaspaceReclaimPolicy: balanced
 - commit_granule_bytes: 65536.
 - commit_granule_words: 8192.
 - virtual_space_node_default_size: 1048576.
 - enlarge_chunks_in_place: 1.
 - new_chunks_are_fully_committed: 0.
 - uncommit_free_chunks: 1.
 - use_allocation_guard: 0.
 - handle_deallocations: 1.


Internal statistics:

num_allocs_failed_limit: 0.
num_arena_births: 98.
num_arena_deaths: 0.
num_vsnodes_births: 3.
num_vsnodes_deaths: 0.
num_space_committed: 260.
num_space_uncommitted: 0.
num_chunks_returned_to_freelist: 0.
num_chunks_taken_from_freelist: 670.
num_chunk_merges: 0.
num_chunk_splits: 453.
num_chunks_enlarged: 350.
num_purges: 0.
num_inconsistent_stats: 0.

CodeHeap 'non-profiled nmethods': size=120000Kb used=1840Kb max_used=1840Kb free=118159Kb
 bounds [0x00000218ae8b0000, 0x00000218aeb20000, 0x00000218b5de0000]
CodeHeap 'profiled nmethods': size=120000Kb used=7939Kb max_used=7939Kb free=112061Kb
 bounds [0x00000218a7380000, 0x00000218a7b50000, 0x00000218ae8b0000]
CodeHeap 'non-nmethods': size=5760Kb used=1181Kb max_used=1229Kb free=4578Kb
 bounds [0x00000218a6de0000, 0x00000218a7050000, 0x00000218a7380000]
 total_blobs=4346 nmethods=3874 adapters=385
 compilation: enabled
              stopped_count=0, restarted_count=0
 full_count=0

Compilation events (20 events):
Event: 4.458 Thread 0x00000218bd29e310 nmethod 3852 0x00000218a7b31e90 code [0x00000218a7b32080, 0x00000218a7b32518]
Event: 4.458 Thread 0x00000218bd29e310 3849       3       java.lang.String::split (7 bytes)
Event: 4.458 Thread 0x00000218bd29e310 nmethod 3849 0x00000218a7b32690 code [0x00000218a7b32820, 0x00000218a7b32968]
Event: 4.458 Thread 0x00000218bd29e310 3851       3       org.apache.maven.model.validation.DefaultModelValidator::validateDependencyVersion (25 bytes)
Event: 4.458 Thread 0x00000218bd29e310 nmethod 3851 0x00000218a7b32a10 code [0x00000218a7b32bc0, 0x00000218a7b32db8]
Event: 4.460 Thread 0x00000218bd29e310 3855       3       org.eclipse.aether.resolution.ArtifactDescriptorResult::addDependency (40 bytes)
Event: 4.460 Thread 0x00000218bd29e310 nmethod 3855 0x00000218a7b32f10 code [0x00000218a7b33100, 0x00000218a7b336f8]
Event: 4.460 Thread 0x00000218bd29e310 3856       3       org.eclipse.aether.graph.Dependency::setArtifact (36 bytes)
Event: 4.461 Thread 0x00000218bd29e310 nmethod 3856 0x00000218a7b33910 code [0x00000218a7b33ae0, 0x00000218a7b33e18]
Event: 4.461 Thread 0x00000218bd29e310 3857       3       java.util.LinkedHashMap::keySet (25 bytes)
Event: 4.461 Thread 0x00000218bd29e310 nmethod 3857 0x00000218a7b33f90 code [0x00000218a7b34140, 0x00000218a7b34518]
Event: 4.461 Thread 0x00000218bd29e310 3859       3       org.eclipse.aether.artifact.AbstractArtifact::setVersion (40 bytes)
Event: 4.462 Thread 0x00000218bd29e310 nmethod 3859 0x00000218a7b34690 code [0x00000218a7b34860, 0x00000218a7b34bf8]
Event: 4.462 Thread 0x00000218bd29e310 3858       1       org.eclipse.aether.collection.DependencyManagement::getVersion (5 bytes)
Event: 4.462 Thread 0x00000218bd29e310 nmethod 3858 0x00000218aea79c10 code [0x00000218aea79da0, 0x00000218aea79e78]
Event: 4.464 Thread 0x00000218bd29e310 3860       3       org.apache.maven.model.building.DefaultModelProblemCollector::setSource (11 bytes)
Event: 4.464 Thread 0x00000218bd29e310 nmethod 3860 0x00000218a7b34d90 code [0x00000218a7b34f20, 0x00000218a7b35098]
Event: 4.464 Thread 0x00000218bd29e310 3861       3       org.apache.maven.model.Model::setPomFile (17 bytes)
Event: 4.464 Thread 0x00000218bd29e310 nmethod 3861 0x00000218a7b35110 code [0x00000218a7b352c0, 0x00000218a7b354c8]
Event: 4.465 Thread 0x00000218bd29e310 3862       3       org.eclipse.aether.internal.impl.DefaultRemoteRepositoryManager::aggregateRepositories (357 bytes)

GC Heap History (6 events):
Event: 0.796 GC heap before
{Heap before GC invocations=0 (full 0):
 garbage-first heap   total 131072K, used 21504K [0x0000000080a00000, 0x0000000100000000)
  region size 1024K, 21 young (21504K), 0 survivors (0K)
 Metaspace       used 5757K, committed 5888K, reserved 1056768K
  class space    used 669K, committed 768K, reserved 1048576K
}
Event: 0.803 GC heap after
{Heap after GC invocations=1 (full 0):
 garbage-first heap   total 131072K, used 3753K [0x0000000080a00000, 0x0000000100000000)
  region size 1024K, 3 young (3072K), 3 survivors (3072K)
 Metaspace       used 5757K, committed 5888K, reserved 1056768K
  class space    used 669K, committed 768K, reserved 1048576K
}
Event: 1.333 GC heap before
{Heap before GC invocations=1 (full 0):
 garbage-first heap   total 131072K, used 30377K [0x0000000080a00000, 0x0000000100000000)
  region size 1024K, 29 young (29696K), 3 survivors (3072K)
 Metaspace       used 8225K, committed 8448K, reserved 1064960K
  class space    used 952K, committed 1088K, reserved 1048576K
}
Event: 1.341 GC heap after
{Heap after GC invocations=2 (full 0):
 garbage-first heap   total 131072K, used 5275K [0x0000000080a00000, 0x0000000100000000)
  region size 1024K, 2 young (2048K), 2 survivors (2048K)
 Metaspace       used 8225K, committed 8448K, reserved 1064960K
  class space    used 952K, committed 1088K, reserved 1048576K
}
Event: 4.108 GC heap before
{Heap before GC invocations=2 (full 0):
 garbage-first heap   total 131072K, used 81051K [0x0000000080a00000, 0x0000000100000000)
  region size 1024K, 76 young (77824K), 2 survivors (2048K)
 Metaspace       used 16181K, committed 16448K, reserved 1064960K
  class space    used 1906K, committed 2048K, reserved 1048576K
}
Event: 4.127 GC heap after
{Heap after GC invocations=3 (full 0):
 garbage-first heap   total 131072K, used 13261K [0x0000000080a00000, 0x0000000100000000)
  region size 1024K, 10 young (10240K), 10 survivors (10240K)
 Metaspace       used 16181K, committed 16448K, reserved 1064960K
  class space    used 1906K, committed 2048K, reserved 1048576K
}

Deoptimization events (20 events):
Event: 4.161 Thread 0x000002189d2689a0 Uncommon trap: trap_request=0xffffff45 fr.pc=0x00000218ae9c1564 relative=0x00000000000002a4
Event: 4.161 Thread 0x000002189d2689a0 Uncommon trap: reason=unstable_if action=reinterpret pc=0x00000218ae9c1564 method=java.util.concurrent.ConcurrentHashMap.get(Ljava/lang/Object;)Ljava/lang/Object; @ 152 c2
Event: 4.161 Thread 0x000002189d2689a0 DEOPT PACKING pc=0x00000218ae9c1564 sp=0x000000abf1efc900
Event: 4.161 Thread 0x000002189d2689a0 DEOPT UNPACKING pc=0x00000218a6e323a3 sp=0x000000abf1efc878 mode 2
Event: 4.161 Thread 0x000002189d2689a0 Uncommon trap: trap_request=0xffffffde fr.pc=0x00000218ae8f8080 relative=0x0000000000000ee0
Event: 4.161 Thread 0x000002189d2689a0 Uncommon trap: reason=class_check action=maybe_recompile pc=0x00000218ae8f8080 method=java.util.concurrent.ConcurrentHashMap.putVal(Ljava/lang/Object;Ljava/lang/Object;Z)Ljava/lang/Object; @ 242 c2
Event: 4.161 Thread 0x000002189d2689a0 DEOPT PACKING pc=0x00000218ae8f8080 sp=0x000000abf1efc860
Event: 4.161 Thread 0x000002189d2689a0 DEOPT UNPACKING pc=0x00000218a6e323a3 sp=0x000000abf1efc7c0 mode 2
Event: 4.244 Thread 0x000002189d2689a0 Uncommon trap: trap_request=0xffffff45 fr.pc=0x00000218aea480d0 relative=0x0000000000000050
Event: 4.244 Thread 0x000002189d2689a0 Uncommon trap: reason=unstable_if action=reinterpret pc=0x00000218aea480d0 method=org.codehaus.plexus.util.xml.pull.MXParser.isValidCodePoint(I)Z @ 3 c2
Event: 4.244 Thread 0x000002189d2689a0 DEOPT PACKING pc=0x00000218aea480d0 sp=0x000000abf1efc3c0
Event: 4.244 Thread 0x000002189d2689a0 DEOPT UNPACKING pc=0x00000218a6e323a3 sp=0x000000abf1efc350 mode 2
Event: 4.272 Thread 0x000002189d2689a0 Uncommon trap: trap_request=0xffffff45 fr.pc=0x00000218ae92e3e8 relative=0x00000000000005a8
Event: 4.272 Thread 0x000002189d2689a0 Uncommon trap: reason=unstable_if action=reinterpret pc=0x00000218ae92e3e8 method=java.lang.String.regionMatches(ZILjava/lang/String;II)Z @ 21 c2
Event: 4.272 Thread 0x000002189d2689a0 DEOPT PACKING pc=0x00000218ae92e3e8 sp=0x000000abf1efc7a0
Event: 4.272 Thread 0x000002189d2689a0 DEOPT UNPACKING pc=0x00000218a6e323a3 sp=0x000000abf1efc748 mode 2
Event: 4.387 Thread 0x000002189d2689a0 Uncommon trap: trap_request=0xffffff45 fr.pc=0x00000218aea44e88 relative=0x0000000000002508
Event: 4.387 Thread 0x000002189d2689a0 Uncommon trap: reason=unstable_if action=reinterpret pc=0x00000218aea44e88 method=org.codehaus.plexus.util.xml.pull.MXParser.parseAttribute()C @ 779 c2
Event: 4.387 Thread 0x000002189d2689a0 DEOPT PACKING pc=0x00000218aea44e88 sp=0x000000abf1efbba0
Event: 4.387 Thread 0x000002189d2689a0 DEOPT UNPACKING pc=0x00000218a6e323a3 sp=0x000000abf1efbb18 mode 2

Classes unloaded (0 events):
No events

Classes redefined (0 events):
No events

Internal exceptions (20 events):
Event: 0.668 Thread 0x000002189d2689a0 Exception <a 'java/lang/NoSuchMethodError'{0x000000008783c938}: 'int java.lang.invoke.DirectMethodHandle$Holder.invokeSpecialIFC(java.lang.Object, java.lang.Object, java.lang.Object, java.lang.Object, java.lang.Object)'> (0x000000008783c938) 
thrown [t:\workspace\open\src\hotspot\share\interpreter\linkResolver.cpp, line 766]
Event: 0.726 Thread 0x000002189d2689a0 Exception <a 'java/lang/NoSuchMethodError'{0x00000000877fc120}: 'java.lang.Object java.lang.invoke.DirectMethodHandle$Holder.newInvokeSpecial(java.lang.Object, java.lang.Object, java.lang.Object, java.lang.Object, java.lang.Object)'> (0x00000000877fc120) 
thrown [t:\workspace\open\src\hotspot\share\interpreter\linkResolver.cpp, line 766]
Event: 0.761 Thread 0x000002189d2689a0 Exception <a 'java/lang/NoSuchMethodError'{0x000000008750dd78}: 'int java.lang.invoke.DirectMethodHandle$Holder.invokeStaticInit(java.lang.Object, java.lang.Object)'> (0x000000008750dd78) 
thrown [t:\workspace\open\src\hotspot\share\interpreter\linkResolver.cpp, line 766]
Event: 0.773 Thread 0x000002189d2689a0 Exception <a 'java/lang/NoClassDefFoundError'{0x00000000875491d0}: javax/enterprise/inject/Typed> (0x00000000875491d0) 
thrown [t:\workspace\open\src\hotspot\share\classfile\systemDictionary.cpp, line 245]
Event: 1.795 Thread 0x000002189d2689a0 Exception <a 'java/lang/NoSuchMethodError'{0x0000000087a180f0}: 'void java.lang.invoke.DirectMethodHandle$Holder.invokeStaticInit(java.lang.Object, java.lang.Object, java.lang.Object)'> (0x0000000087a180f0) 
thrown [t:\workspace\open\src\hotspot\share\interpreter\linkResolver.cpp, line 766]
Event: 1.801 Thread 0x000002189d2689a0 Exception <a 'java/lang/ExceptionInInitializerError'{0x0000000087a44d30}> (0x0000000087a44d30) 
thrown [t:\workspace\open\src\hotspot\share\oops\instanceKlass.cpp, line 1163]
Event: 1.836 Thread 0x000002189d2689a0 Implicit null exception at 0x00000218ae93c7af to 0x00000218ae93c8c4
Event: 1.839 Thread 0x000002189d2689a0 Exception <a 'java/lang/NoSuchMethodError'{0x000000008795ca78}: 'java.lang.Object java.lang.invoke.Invokers$Holder.invokeExact_MT(java.lang.Object, int, java.lang.Object)'> (0x000000008795ca78) 
thrown [t:\workspace\open\src\hotspot\share\interpreter\linkResolver.cpp, line 766]
Event: 1.859 Thread 0x000002189d2689a0 Exception <a 'java/lang/NoSuchMethodError'{0x00000000879d75f0}: 'int java.lang.invoke.DirectMethodHandle$Holder.invokeSpecial(java.lang.Object, java.lang.Object, java.lang.Object, java.lang.Object)'> (0x00000000879d75f0) 
thrown [t:\workspace\open\src\hotspot\share\interpreter\linkResolver.cpp, line 766]
Event: 2.146 Thread 0x000002189d2689a0 Exception <a 'java/lang/NoClassDefFoundError'{0x0000000087043f80}: com/google/inject/servlet/ServletModuleTargetVisitor> (0x0000000087043f80) 
thrown [t:\workspace\open\src\hotspot\share\classfile\systemDictionary.cpp, line 245]
Event: 2.218 Thread 0x000002189d2689a0 Exception <a 'java/lang/NoSuchMethodError'{0x0000000086ecdce0}: 'void java.lang.invoke.DirectMethodHandle$Holder.invokeVirtual(java.lang.Object, java.lang.Object)'> (0x0000000086ecdce0) 
thrown [t:\workspace\open\src\hotspot\share\interpreter\linkResolver.cpp, line 766]
Event: 2.246 Thread 0x000002189d2689a0 Exception <a 'java/lang/NoSuchMethodError'{0x0000000086d55290}: 'java.lang.Object java.lang.invoke.DirectMethodHandle$Holder.invokeStaticInit(java.lang.Object, int, int, int, int)'> (0x0000000086d55290) 
thrown [t:\workspace\open\src\hotspot\share\interpreter\linkResolver.cpp, line 766]
Event: 2.398 Thread 0x000002189d2689a0 Implicit null exception at 0x00000218ae8df572 to 0x00000218ae8dfae8
Event: 2.399 Thread 0x000002189d2689a0 Implicit null exception at 0x00000218ae8daa72 to 0x00000218ae8db020
Event: 2.483 Thread 0x000002189d2689a0 Exception <a 'java/lang/NoSuchMethodError'{0x000000008649d488}: 'void java.lang.invoke.DirectMethodHandle$Holder.invokeSpecial(java.lang.Object, java.lang.Object, java.lang.Object, java.lang.Object, java.lang.Object)'> (0x000000008649d488) 
thrown [t:\workspace\open\src\hotspot\share\interpreter\linkResolver.cpp, line 766]
Event: 2.524 Thread 0x000002189d2689a0 Exception <a 'java/lang/NoSuchMethodError'{0x00000000864bbad8}: 'java.lang.Object java.lang.invoke.DirectMethodHandle$Holder.invokeVirtual(java.lang.Object, java.lang.Object, java.lang.Object)'> (0x00000000864bbad8) 
thrown [t:\workspace\open\src\hotspot\share\interpreter\linkResolver.cpp, line 766]
Event: 2.527 Thread 0x000002189d2689a0 Exception <a 'java/lang/NoSuchMethodError'{0x00000000864cad50}: 'void java.lang.invoke.DirectMethodHandle$Holder.invokeSpecial(java.lang.Object, java.lang.Object, java.lang.Object, java.lang.Object, java.lang.Object, java.lang.Object)'> (0x00000000864cad50) 
thrown [t:\workspace\open\src\hotspot\share\interpreter\linkResolver.cpp, line 766]
Event: 3.727 Thread 0x000002189d2689a0 Implicit null exception at 0x00000218ae9b6c8c to 0x00000218ae9b8640
Event: 3.727 Thread 0x000002189d2689a0 Implicit null exception at 0x00000218ae95a88f to 0x00000218ae95ac44
Event: 3.727 Thread 0x000002189d2689a0 Implicit null exception at 0x00000218ae8e06d8 to 0x00000218ae8e076e

VM Operations (20 events):
Event: 2.116 Executing VM operation: HandshakeAllThreads
Event: 2.116 Executing VM operation: HandshakeAllThreads done
Event: 2.230 Executing VM operation: HandshakeAllThreads
Event: 2.230 Executing VM operation: HandshakeAllThreads done
Event: 2.264 Executing VM operation: HandshakeAllThreads
Event: 2.264 Executing VM operation: HandshakeAllThreads done
Event: 2.285 Executing VM operation: ICBufferFull
Event: 2.285 Executing VM operation: ICBufferFull done
Event: 2.358 Executing VM operation: HandshakeAllThreads
Event: 2.358 Executing VM operation: HandshakeAllThreads done
Event: 2.359 Executing VM operation: HandshakeAllThreads
Event: 2.359 Executing VM operation: HandshakeAllThreads done
Event: 3.201 Executing VM operation: ICBufferFull
Event: 3.201 Executing VM operation: ICBufferFull done
Event: 3.601 Executing VM operation: HandshakeAllThreads
Event: 3.602 Executing VM operation: HandshakeAllThreads done
Event: 3.747 Executing VM operation: ICBufferFull
Event: 3.747 Executing VM operation: ICBufferFull done
Event: 4.108 Executing VM operation: G1CollectForAllocation
Event: 4.127 Executing VM operation: G1CollectForAllocation done

Events (20 events):
Event: 2.589 loading class sun/util/resources/Bundles$2
Event: 2.590 loading class sun/util/resources/Bundles$2 done
Event: 2.715 loading class java/lang/Short$ShortCache
Event: 2.715 loading class java/lang/Short$ShortCache done
Event: 2.715 loading class java/lang/Byte$ByteCache
Event: 2.715 loading class java/lang/Byte$ByteCache done
Event: 3.057 loading class java/lang/invoke/MethodHandle$1
Event: 3.057 loading class java/lang/invoke/MethodHandle$1 done
Event: 3.375 Thread 0x00000218bd29e820 Thread exited: 0x00000218bd29e820
Event: 3.616 loading class java/util/stream/MatchOps$MatchKind
Event: 3.618 loading class java/util/stream/MatchOps$MatchKind done
Event: 3.618 loading class java/util/stream/MatchOps
Event: 3.618 loading class java/util/stream/MatchOps done
Event: 3.618 loading class java/util/stream/MatchOps$MatchOp
Event: 3.618 loading class java/util/stream/MatchOps$MatchOp done
Event: 3.618 loading class java/util/stream/MatchOps$BooleanTerminalSink
Event: 3.618 loading class java/util/stream/MatchOps$BooleanTerminalSink done
Event: 3.619 loading class java/util/stream/MatchOps$1MatchSink
Event: 3.619 loading class java/util/stream/MatchOps$1MatchSink done
Event: 3.750 Thread 0x00000218bd29de00 Thread added: 0x00000218bd29de00


Dynamic libraries:
0x00007ff6111c0000 - 0x00007ff6111d0000 	C:\Program Files\Java\jdk-17.0.2\bin\java.exe
0x00007ffeef490000 - 0x00007ffeef688000 	C:\Windows\SYSTEM32\ntdll.dll
0x00007ffeed740000 - 0x00007ffeed7ff000 	C:\Windows\System32\KERNEL32.DLL
0x00007ffeed130000 - 0x00007ffeed426000 	C:\Windows\System32\KERNELBASE.dll
0x00007ffeece90000 - 0x00007ffeecf90000 	C:\Windows\System32\ucrtbase.dll
0x00007ffee1b80000 - 0x00007ffee1b98000 	C:\Program Files\Java\jdk-17.0.2\bin\jli.dll
0x00007ffeed9c0000 - 0x00007ffeeda6f000 	C:\Windows\System32\ADVAPI32.dll
0x00007ffeee2c0000 - 0x00007ffeee35e000 	C:\Windows\System32\msvcrt.dll
0x00007ffeee7e0000 - 0x00007ffeee87c000 	C:\Windows\System32\sechost.dll
0x00007ffeef100000 - 0x00007ffeef226000 	C:\Windows\System32\RPCRT4.dll
0x00007ffeee500000 - 0x00007ffeee69d000 	C:\Windows\System32\USER32.dll
0x00007ffeecdc0000 - 0x00007ffeecde2000 	C:\Windows\System32\win32u.dll
0x00007ffeed5e0000 - 0x00007ffeed60c000 	C:\Windows\System32\GDI32.dll
0x00007ffeecca0000 - 0x00007ffeecdb5000 	C:\Windows\System32\gdi32full.dll
0x00007ffeecdf0000 - 0x00007ffeece8d000 	C:\Windows\System32\msvcp_win.dll
0x00007ffedeab0000 - 0x00007ffedeaca000 	C:\Program Files\Java\jdk-17.0.2\bin\VCRUNTIME140.dll
0x00007ffedead0000 - 0x00007ffeded6a000 	C:\Windows\WinSxS\amd64_microsoft.windows.common-controls_6595b64144ccf1df_6.0.19041.1110_none_60b5254171f9507e\COMCTL32.dll
0x00007ffee6690000 - 0x00007ffee669a000 	C:\Windows\SYSTEM32\VERSION.dll
0x00007ffeeda70000 - 0x00007ffeedaa0000 	C:\Windows\System32\IMM32.DLL
0x00007ffed3750000 - 0x00007ffed3868000 	C:\Program Files (x86)\Citrix\ICA Client\epclient64.dll
0x00007ffeebc50000 - 0x00007ffeebc83000 	C:\Windows\SYSTEM32\ntmarta.dll
0x00007ffee2240000 - 0x00007ffee224c000 	C:\Program Files\Java\jdk-17.0.2\bin\vcruntime140_1.dll
0x00007ffec1170000 - 0x00007ffec11fd000 	C:\Program Files\Java\jdk-17.0.2\bin\msvcp140.dll
0x00007ffe946b0000 - 0x00007ffe95271000 	C:\Program Files\Java\jdk-17.0.2\bin\server\jvm.dll
0x00007ffeed800000 - 0x00007ffeed808000 	C:\Windows\System32\PSAPI.DLL
0x00007ffecd030000 - 0x00007ffecd039000 	C:\Windows\SYSTEM32\WSOCK32.dll
0x00007ffeef230000 - 0x00007ffeef29b000 	C:\Windows\System32\WS2_32.dll
0x00007ffee1ab0000 - 0x00007ffee1ad7000 	C:\Windows\SYSTEM32\WINMM.dll
0x00007ffeeb3d0000 - 0x00007ffeeb3e2000 	C:\Windows\SYSTEM32\kernel.appcore.dll
0x00007ffee1d70000 - 0x00007ffee1d7a000 	C:\Program Files\Java\jdk-17.0.2\bin\jimage.dll
0x00007ffeeaf00000 - 0x00007ffeeb0e4000 	C:\Windows\SYSTEM32\DBGHELP.DLL
0x00007ffed1e60000 - 0x00007ffed1e94000 	C:\Windows\SYSTEM32\dbgcore.DLL
0x000002189d3d0000 - 0x000002189d452000 	C:\Windows\System32\bcryptPrimitives.dll
0x00007ffeddd30000 - 0x00007ffeddd3e000 	C:\Program Files\Java\jdk-17.0.2\bin\instrument.dll
0x00007ffede0e0000 - 0x00007ffede105000 	C:\Program Files\Java\jdk-17.0.2\bin\java.dll
0x00007ffeac780000 - 0x00007ffeac856000 	C:\Program Files\Java\jdk-17.0.2\bin\jsvml.dll
0x00000218bdc00000 - 0x00000218be344000 	C:\Windows\System32\SHELL32.dll
0x00007ffeea640000 - 0x00007ffeeadd3000 	C:\Windows\SYSTEM32\windows.storage.dll
0x00007ffeeed10000 - 0x00007ffeef064000 	C:\Windows\System32\combase.dll
0x00007ffeec4b0000 - 0x00007ffeec4de000 	C:\Windows\SYSTEM32\Wldp.dll
0x00000218bd310000 - 0x00000218bd3bd000 	C:\Windows\System32\SHCORE.dll
0x00007ffeef2a0000 - 0x00007ffeef2f5000 	C:\Windows\System32\shlwapi.dll
0x00007ffeeca80000 - 0x00007ffeeca9f000 	C:\Windows\SYSTEM32\profapi.dll
0x00007ffedd560000 - 0x00007ffedd578000 	C:\Program Files\Java\jdk-17.0.2\bin\zip.dll
0x00007ffedea90000 - 0x00007ffedeaa9000 	C:\Program Files\Java\jdk-17.0.2\bin\net.dll
0x00007ffee6490000 - 0x00007ffee659a000 	C:\Windows\SYSTEM32\WINHTTP.dll
0x00007ffeec210000 - 0x00007ffeec27a000 	C:\Windows\system32\mswsock.dll
0x00007ffedda20000 - 0x00007ffedda36000 	C:\Program Files\Java\jdk-17.0.2\bin\nio.dll
0x00007ffedd540000 - 0x00007ffedd55a000 	C:\Program Files\JetBrains\IntelliJ IDEA Community Edition 2023.3.3\bin\breakgen64.dll
0x00007ffee1fa0000 - 0x00007ffee1fc4000 	C:\Users\Miguel\AppData\Local\Temp\jansi-2.4.1-3891c15d74240a2f-jansi.dll
0x00007ffee0150000 - 0x00007ffee0160000 	C:\Program Files\Java\jdk-17.0.2\bin\verify.dll

dbghelp: loaded successfully - version: 4.0.5 - missing functions: none
symbol engine: initialized successfully - sym options: 0x614 - pdb path: .;C:\Program Files\Java\jdk-17.0.2\bin;C:\Windows\SYSTEM32;C:\Windows\WinSxS\amd64_microsoft.windows.common-controls_6595b64144ccf1df_6.0.19041.1110_none_60b5254171f9507e;C:\Program Files (x86)\Citrix\ICA Client;C:\Program Files\Java\jdk-17.0.2\bin\server;C:\Program Files\JetBrains\IntelliJ IDEA Community Edition 2023.3.3\bin;C:\Users\Miguel\AppData\Local\Temp

VM Arguments:
jvm_args: -Dmaven.multiModuleProjectDirectory=D:\PRUEBATECNICA\JAVA Y REACT\com.pruebaTecnica -Djansi.passthrough=true -Dmaven.home=C:\Users\Miguel\.m2\wrapper\dists\apache-maven-3.9.7-bin\3k9n615lchs6mp84v355m633uo\apache-maven-3.9.7 -Dclassworlds.conf=C:\Users\Miguel\.m2\wrapper\dists\apache-maven-3.9.7-bin\3k9n615lchs6mp84v355m633uo\apache-maven-3.9.7\bin\m2.conf -Dmaven.ext.class.path=C:\Program Files\JetBrains\IntelliJ IDEA Community Edition 2023.3.3\plugins\maven\lib\maven-event-listener.jar -javaagent:C:\Program Files\JetBrains\IntelliJ IDEA Community Edition 2023.3.3\lib\idea_rt.jar=58969:C:\Program Files\JetBrains\IntelliJ IDEA Community Edition 2023.3.3\bin -Dfile.encoding=UTF-8 
java_command: org.codehaus.classworlds.Launcher -Didea.version=2023.3.3 org.springframework.boot:spring-boot-maven-plugin:3.3.1:run
java_class_path (initial): C:\Users\Miguel\.m2\wrapper\dists\apache-maven-3.9.7-bin\3k9n615lchs6mp84v355m633uo\apache-maven-3.9.7\boot\plexus-classworlds-2.8.0.jar;C:\Users\Miguel\.m2\wrapper\dists\apache-maven-3.9.7-bin\3k9n615lchs6mp84v355m633uo\apache-maven-3.9.7\boot\plexus-classworlds.license
Launcher Type: SUN_STANDARD

[Global flags]
     intx CICompilerCount                          = 3                                         {product} {ergonomic}
     uint ConcGCThreads                            = 2                                         {product} {ergonomic}
     uint G1ConcRefinementThreads                  = 6                                         {product} {ergonomic}
   size_t G1HeapRegionSize                         = 1048576                                   {product} {ergonomic}
    uintx GCDrainStackTargetSize                   = 64                                        {product} {ergonomic}
   size_t InitialHeapSize                          = 134217728                                 {product} {ergonomic}
   size_t MarkStackSize                            = 4194304                                   {product} {ergonomic}
   size_t MaxHeapSize                              = 2136997888                                {product} {ergonomic}
   size_t MaxNewSize                               = 1281359872                                {product} {ergonomic}
   size_t MinHeapDeltaBytes                        = 1048576                                   {product} {ergonomic}
   size_t MinHeapSize                              = 8388608                                   {product} {ergonomic}
    uintx NonNMethodCodeHeapSize                   = 5832780                                {pd product} {ergonomic}
    uintx NonProfiledCodeHeapSize                  = 122912730                              {pd product} {ergonomic}
    uintx ProfiledCodeHeapSize                     = 122912730                              {pd product} {ergonomic}
    uintx ReservedCodeCacheSize                    = 251658240                              {pd product} {ergonomic}
     bool SegmentedCodeCache                       = true                                      {product} {ergonomic}
   size_t SoftMaxHeapSize                          = 2136997888                             {manageable} {ergonomic}
     bool UseCompressedClassPointers               = true                           {product lp64_product} {ergonomic}
     bool UseCompressedOops                        = true                           {product lp64_product} {ergonomic}
     bool UseG1GC                                  = true                                      {product} {ergonomic}
     bool UseLargePagesIndividualAllocation        = false                                  {pd product} {ergonomic}

Logging:
Log output configuration:
 #0: stdout all=warning uptime,level,tags
 #1: stderr all=off uptime,level,tags

Environment Variables:
JAVA_HOME=C:\Program Files\Java\jdk-17.0.2
PATH=C:\app\Miguel\product\21c\dbhomeXE\bin;C:\Program Files (x86)\Razer Chroma SDK\bin;C:\Program Files\Razer Chroma SDK\bin;C:\Program Files (x86)\Razer\ChromaBroadcast\bin;C:\Program Files\Razer\ChromaBroadcast\bin;C:\Program Files\Common Files\Oracle\Java\javapath;C:\ProgramData\Oracle\Java\javapath;C:\Windows\system32;C:\Windows;C:\Windows\System32\Wbem;C:\Windows\System32\WindowsPowerShell\v1.0\;C:\Windows\System32\OpenSSH\;C:\Program Files\Git\cmd;C:\Program Files\Java\jdk-17.0.2\bin;C:\Maven\apache-maven-3.8.4\bin;C:\Users\Miguel\AppData\Local\Microsoft\WindowsApps;C:\Users\Miguel\AppData\Local\Programs\Microsoft VS Code\bin;C:\Users\Miguel\AppData\Roaming\npm;C:\Program Files (x86)\VERIFONE\FST;C:\Windows\system32\config\systemprofile\AppData\Local\Microsoft\WindowsApps;C:\Program Files (x86)\Windows Kits\10\Windows Performance Toolkit\;C:\Program Files (x86)\Microsoft SQL Server\160\Tools\Binn\;C:\Program Files\Microsoft SQL Server\160\Tools\Binn\;C:\Program Files\Microsoft SQL Server\Client SDK\ODBC\170\Tools\Binn\;C:\Program Files\Microsoft SQL Server\160\DTS\Binn\;C:\Program Files\nodejs\;C:\Program Files\MySQL\MySQL Shell 8.0\bin\;C:\Users\Miguel\AppData\Local\Microsoft\WindowsApps;;C:\Users\Miguel\AppData\Local\Programs\Microsoft VS Code\bin;C:\Users\Miguel\AppData\Roaming\npm
USERNAME=Miguel
OS=Windows_NT
PROCESSOR_IDENTIFIER=AMD64 Family 21 Model 2 Stepping 0, AuthenticAMD



---------------  S Y S T E M  ---------------

OS:
 Windows 10 , 64 bit Build 19041 (10.0.19041.3031)
OS uptime: 4 days 22:50 hours

CPU: total 6 (initial active 6) (6 cores per cpu, 1 threads per core) family 21 model 2 stepping 0 microcode 0x0, cx8, cmov, fxsr, mmx, 3dnowpref, sse, sse2, sse3, ssse3, sse4a, sse4.1, sse4.2, popcnt, lzcnt, tsc, tscinvbit, avx, aes, clmul, bmi1, fma, vzeroupper, clflush

Memory: 4k page, system-wide physical 8149M (438M free)
TotalPageFile size 15317M (AvailPageFile size 4M)
current process WorkingSet (physical memory assigned to process): 171M, peak: 176M
current process commit charge ("private bytes"): 252M, peak: 257M

vm_info: Java HotSpot(TM) 64-Bit Server VM (17.0.2+8-LTS-86) for windows-amd64 JRE (17.0.2+8-LTS-86), built on Dec  7 2021 21:51:03 by "mach5one" with MS VC++ 16.8 / 16.9 (VS2019)

END.
